------------------------------------------------------------------------------------------------------------------------

[2022-04-03 23:26:59 #1 store] 
Database 'C:\Users\aitor\Desktop\Clase\2\2-2\SI\SI_workspace\Bets21.zip_expanded\Bets21\src\main\resources\bets.temp' is opened by 7348@LAPTOP-209ORI61

[2022-04-03 23:26:59 #2 type] 
Type domain.User is not enhanced.

[2022-04-03 23:26:59 #3 type] 
Type domain.Movement is not enhanced.

[2022-04-03 23:26:59 #4 type] 
Type domain.Question is not enhanced.

[2022-04-03 23:26:59 #5 type] 
Type domain.Event is not enhanced.

[2022-04-03 23:26:59 #6 type] 
Type domain.NotAdmin is not enhanced.

[2022-04-03 23:26:59 #7 type.registry] 
New type domain.Bet

[2022-04-03 23:26:59 #8 type.registry] 
New type java.util.ArrayList<domain.Bet>

[2022-04-03 23:26:59 #9 type] 
Type domain.Admin is not enhanced.

[2022-04-03 23:26:59 #10 type] 
Type domain.Bet is not enhanced.

------------------------------------------------------------------------------------------------------------------------

[2022-04-03 23:43:32 #1 store] 
Database 'C:\Users\aitor\Desktop\Clase\2\2-2\SI\SI_workspace\Bets21.zip_expanded\Bets21\src\main\resources\bets.temp' has been recovered (tr. 26-26)

[2022-04-03 23:43:32 #2 store] 
Database 'C:\Users\aitor\Desktop\Clase\2\2-2\SI\SI_workspace\Bets21.zip_expanded\Bets21\src\main\resources\bets.temp' is opened by 3884@LAPTOP-209ORI61

[2022-04-03 23:43:32 #3 type] 
Type domain.User is not enhanced.

[2022-04-03 23:43:32 #4 type] 
Type domain.Movement is not enhanced.

[2022-04-03 23:43:32 #5 type] 
Type domain.Question is not enhanced.

[2022-04-03 23:43:32 #6 type] 
Type domain.Event is not enhanced.

[2022-04-03 23:43:32 #7 type] 
Type domain.NotAdmin is not enhanced.

[2022-04-03 23:43:32 #8 type] 
Type domain.Admin is not enhanced.

[2022-04-03 23:43:32 #9 type] 
Type domain.Bet is not enhanced.

------------------------------------------------------------------------------------------------------------------------

[2022-04-03 23:45:10 #1 store] 
Database 'C:\Users\aitor\Desktop\Clase\2\2-2\SI\SI_workspace\Bets21.zip_expanded\Bets21\src\main\resources\bets.temp' is opened by 5916@LAPTOP-209ORI61

[2022-04-03 23:45:10 #2 type] 
Type domain.User is not enhanced.

[2022-04-03 23:45:10 #3 type] 
Type domain.Movement is not enhanced.

[2022-04-03 23:45:10 #4 type] 
Type domain.Question is not enhanced.

[2022-04-03 23:45:10 #5 type] 
Type domain.Event is not enhanced.

[2022-04-03 23:45:10 #6 type] 
Type domain.NotAdmin is not enhanced.

[2022-04-03 23:45:10 #7 type] 
Type domain.Admin is not enhanced.

[2022-04-03 23:45:10 #8 type] 
Type domain.Bet is not enhanced.

------------------------------------------------------------------------------------------------------------------------

[2022-04-03 23:46:15 #1 store] 
Database 'C:\Users\aitor\Desktop\Clase\2\2-2\SI\SI_workspace\Bets21.zip_expanded\Bets21\src\main\resources\bets.temp' is opened by 1572@LAPTOP-209ORI61

[2022-04-03 23:46:15 #2 type] 
Type domain.User is not enhanced.

[2022-04-03 23:46:15 #3 type] 
Type domain.Movement is not enhanced.

[2022-04-03 23:46:15 #4 type] 
Type domain.Question is not enhanced.

[2022-04-03 23:46:15 #5 type] 
Type domain.Event is not enhanced.

[2022-04-03 23:46:15 #6 type] 
Type domain.NotAdmin is not enhanced.

[2022-04-03 23:46:15 #7 type] 
Type domain.Admin is not enhanced.

[2022-04-03 23:46:15 #8 type] 
Type domain.Bet is not enhanced.

------------------------------------------------------------------------------------------------------------------------

[2022-04-03 23:49:53 #1 store] 
Database 'C:\Users\aitor\Desktop\Clase\2\2-2\SI\SI_workspace\Bets21.zip_expanded\Bets21\src\main\resources\bets.temp' is opened by 11712@LAPTOP-209ORI61

[2022-04-03 23:49:53 #2 type] 
Type domain.User is not enhanced.

[2022-04-03 23:49:53 #3 type] 
Type domain.Movement is not enhanced.

[2022-04-03 23:49:53 #4 type] 
Type domain.Question is not enhanced.

[2022-04-03 23:49:53 #5 type] 
Type domain.Event is not enhanced.

[2022-04-03 23:49:53 #6 type] 
Type domain.NotAdmin is not enhanced.

[2022-04-03 23:49:53 #7 type] 
Type domain.Admin is not enhanced.

[2022-04-03 23:49:53 #8 type] 
Type domain.Bet is not enhanced.

------------------------------------------------------------------------------------------------------------------------

[2022-04-03 23:51:50 #1 store] 
Database 'C:\Users\aitor\Desktop\Clase\2\2-2\SI\SI_workspace\Bets21.zip_expanded\Bets21\src\main\resources\bets.temp' is opened by 3288@LAPTOP-209ORI61

[2022-04-03 23:51:50 #2 type] 
Type domain.User is not enhanced.

[2022-04-03 23:51:50 #3 type] 
Type domain.Movement is not enhanced.

[2022-04-03 23:51:50 #4 type] 
Type domain.Question is not enhanced.

[2022-04-03 23:51:50 #5 type] 
Type domain.Event is not enhanced.

[2022-04-03 23:51:50 #6 type] 
Type domain.NotAdmin is not enhanced.

[2022-04-03 23:51:50 #7 type] 
Type domain.Admin is not enhanced.

[2022-04-03 23:51:50 #8 type] 
Type domain.Bet is not enhanced.

