------------------------------------------------------------------------------------------------------------------------

[2022-04-05 12:54:13 #1 store] 
Database 'C:\Users\aitor\Desktop\Clase\2\2-2\SI\SI_workspace\Bets21.zip_expanded\Bets21\src\main\resources\bets.temp' is opened by 10740@LAPTOP-209ORI61

[2022-04-05 12:54:14 #2 type.registry] 
New type domain.User

[2022-04-05 12:54:14 #3 type.registry] 
New type domain.NotAdmin

[2022-04-05 12:54:14 #4 type] 
Type domain.User is not enhanced.

[2022-04-05 12:54:14 #5 type] 
Type domain.NotAdmin is not enhanced.

[2022-04-05 12:54:14 #6 type.registry] 
New type domain.Bet

[2022-04-05 12:54:14 #7 type.registry] 
New type java.util.ArrayList<domain.Bet>

[2022-04-05 12:54:14 #8 type.registry] 
New type domain.Movement

[2022-04-05 12:54:14 #9 type.registry] 
New type java.util.ArrayList<domain.Movement>

[2022-04-05 12:54:14 #10 type] 
Type domain.Bet is not enhanced.

[2022-04-05 12:54:14 #11 type] 
Type domain.Movement is not enhanced.

[2022-04-05 12:54:14 #12 type.registry] 
New type domain.Admin

[2022-04-05 12:54:14 #13 type] 
Type domain.Admin is not enhanced.

[2022-04-05 12:54:14 #14 type.registry] 
New type domain.Quote

[2022-04-05 12:54:14 #15 type] 
Type domain.Quote is not enhanced.

[2022-04-05 12:54:14 #16 type.registry] 
New type domain.Question

[2022-04-05 12:54:14 #17 type] 
Type domain.Question is not enhanced.

[2022-04-05 12:54:14 #18 type.registry] 
New type domain.Event

[2022-04-05 12:54:14 #19 type] 
Type domain.Event is not enhanced.

[2022-04-05 12:54:14 #20 type.registry] 
New type java.util.Vector<domain.Question>

[2022-04-05 12:54:14 #21 type.registry] 
New type java.util.ArrayList<java.lang.Object>

[2022-04-05 12:54:14 #22 type.registry] 
New type java.util.Vector<java.lang.Object>

------------------------------------------------------------------------------------------------------------------------

[2022-04-05 12:55:11 #1 store] 
Database 'C:\Users\aitor\Desktop\Clase\2\2-2\SI\SI_workspace\Bets21.zip_expanded\Bets21\src\main\resources\bets.temp' is opened by 7856@LAPTOP-209ORI61

[2022-04-05 12:55:11 #2 type] 
Type domain.User is not enhanced.

[2022-04-05 12:55:11 #3 type] 
Type domain.NotAdmin is not enhanced.

[2022-04-05 12:55:11 #4 type] 
Type domain.Bet is not enhanced.

[2022-04-05 12:55:11 #5 type] 
Type domain.Movement is not enhanced.

[2022-04-05 12:55:11 #6 type] 
Type domain.Admin is not enhanced.

[2022-04-05 12:55:11 #7 type] 
Type domain.Quote is not enhanced.

[2022-04-05 12:55:11 #8 type] 
Type domain.Question is not enhanced.

[2022-04-05 12:55:11 #9 type] 
Type domain.Event is not enhanced.

------------------------------------------------------------------------------------------------------------------------

[2022-04-05 13:19:13 #1 store] 
Database 'C:\Users\aitor\Desktop\Clase\2\2-2\SI\SI_workspace\Bets21.zip_expanded\Bets21\src\main\resources\bets.temp' has been recovered (tr. 10-15)

[2022-04-05 13:19:13 #2 store] 
Database 'C:\Users\aitor\Desktop\Clase\2\2-2\SI\SI_workspace\Bets21.zip_expanded\Bets21\src\main\resources\bets.temp' is opened by 8568@LAPTOP-209ORI61

[2022-04-05 13:19:13 #3 type] 
Type domain.User is not enhanced.

[2022-04-05 13:19:13 #4 type] 
Type domain.NotAdmin is not enhanced.

[2022-04-05 13:19:13 #5 type] 
Type domain.Bet is not enhanced.

[2022-04-05 13:19:13 #6 type] 
Type domain.Movement is not enhanced.

[2022-04-05 13:19:13 #7 type] 
Type domain.Admin is not enhanced.

[2022-04-05 13:19:13 #8 type] 
Type domain.Quote is not enhanced.

[2022-04-05 13:19:13 #9 type] 
Type domain.Question is not enhanced.

[2022-04-05 13:19:13 #10 type] 
Type domain.Event is not enhanced.

------------------------------------------------------------------------------------------------------------------------

[2022-04-05 13:22:24 #1 store] 
Database 'C:\Users\aitor\Desktop\Clase\2\2-2\SI\SI_workspace\Bets21.zip_expanded\Bets21\src\main\resources\bets.temp' has been recovered (tr. 17-17)

[2022-04-05 13:22:24 #2 store] 
Database 'C:\Users\aitor\Desktop\Clase\2\2-2\SI\SI_workspace\Bets21.zip_expanded\Bets21\src\main\resources\bets.temp' is opened by 10584@LAPTOP-209ORI61

[2022-04-05 13:22:24 #3 type] 
Type domain.User is not enhanced.

[2022-04-05 13:22:24 #4 type] 
Type domain.NotAdmin is not enhanced.

[2022-04-05 13:22:24 #5 type] 
Type domain.Bet is not enhanced.

[2022-04-05 13:22:24 #6 type] 
Type domain.Movement is not enhanced.

[2022-04-05 13:22:24 #7 type] 
Type domain.Admin is not enhanced.

[2022-04-05 13:22:24 #8 type] 
Type domain.Quote is not enhanced.

[2022-04-05 13:22:24 #9 type] 
Type domain.Question is not enhanced.

[2022-04-05 13:22:24 #10 type] 
Type domain.Event is not enhanced.

------------------------------------------------------------------------------------------------------------------------

[2022-04-05 13:25:11 #1 store] 
Database 'C:\Users\aitor\Desktop\Clase\2\2-2\SI\SI_workspace\Bets21.zip_expanded\Bets21\src\main\resources\bets.temp' is opened by 6152@LAPTOP-209ORI61

[2022-04-05 13:25:11 #2 type] 
Type domain.User is not enhanced.

[2022-04-05 13:25:11 #3 type] 
Type domain.NotAdmin is not enhanced.

[2022-04-05 13:25:11 #4 type] 
Type domain.Bet is not enhanced.

[2022-04-05 13:25:11 #5 type] 
Type domain.Movement is not enhanced.

[2022-04-05 13:25:11 #6 type] 
Type domain.Admin is not enhanced.

[2022-04-05 13:25:11 #7 type] 
Type domain.Quote is not enhanced.

[2022-04-05 13:25:11 #8 type] 
Type domain.Question is not enhanced.

[2022-04-05 13:25:11 #9 type] 
Type domain.Event is not enhanced.

------------------------------------------------------------------------------------------------------------------------

[2022-04-05 13:25:51 #1 store] 
Database 'C:\Users\aitor\Desktop\Clase\2\2-2\SI\SI_workspace\Bets21.zip_expanded\Bets21\src\main\resources\bets.temp' is opened by 12680@LAPTOP-209ORI61

[2022-04-05 13:25:51 #2 type] 
Type domain.User is not enhanced.

[2022-04-05 13:25:51 #3 type] 
Type domain.NotAdmin is not enhanced.

[2022-04-05 13:25:51 #4 type] 
Type domain.Bet is not enhanced.

[2022-04-05 13:25:51 #5 type] 
Type domain.Movement is not enhanced.

[2022-04-05 13:25:51 #6 type] 
Type domain.Admin is not enhanced.

[2022-04-05 13:25:51 #7 type] 
Type domain.Quote is not enhanced.

[2022-04-05 13:25:51 #8 type] 
Type domain.Question is not enhanced.

[2022-04-05 13:25:51 #9 type] 
Type domain.Event is not enhanced.

------------------------------------------------------------------------------------------------------------------------

[2022-04-05 13:28:08 #1 store] 
Database 'C:\Users\aitor\Desktop\Clase\2\2-2\SI\SI_workspace\Bets21.zip_expanded\Bets21\src\main\resources\bets.temp' is opened by 13940@LAPTOP-209ORI61

[2022-04-05 13:28:09 #2 type] 
Type domain.User is not enhanced.

[2022-04-05 13:28:09 #3 type] 
Type domain.NotAdmin is not enhanced.

[2022-04-05 13:28:09 #4 type] 
Type domain.Bet is not enhanced.

[2022-04-05 13:28:09 #5 type] 
Type domain.Movement is not enhanced.

[2022-04-05 13:28:09 #6 type] 
Type domain.Admin is not enhanced.

[2022-04-05 13:28:09 #7 type] 
Type domain.Quote is not enhanced.

[2022-04-05 13:28:09 #8 type] 
Type domain.Question is not enhanced.

[2022-04-05 13:28:09 #9 type] 
Type domain.Event is not enhanced.

------------------------------------------------------------------------------------------------------------------------

[2022-04-05 13:32:49 #1 store] 
Database 'C:\Users\aitor\Desktop\Clase\2\2-2\SI\SI_workspace\Bets21.zip_expanded\Bets21\src\main\resources\bets.temp' is opened by 15504@LAPTOP-209ORI61

[2022-04-05 13:32:50 #2 type] 
Type domain.User is not enhanced.

[2022-04-05 13:32:50 #3 type] 
Type domain.NotAdmin is not enhanced.

[2022-04-05 13:32:50 #4 type] 
Type domain.Bet is not enhanced.

[2022-04-05 13:32:50 #5 type] 
Type domain.Movement is not enhanced.

[2022-04-05 13:32:50 #6 type] 
Type domain.Admin is not enhanced.

[2022-04-05 13:32:50 #7 type] 
Type domain.Quote is not enhanced.

[2022-04-05 13:32:50 #8 type] 
Type domain.Question is not enhanced.

[2022-04-05 13:32:50 #9 type] 
Type domain.Event is not enhanced.

------------------------------------------------------------------------------------------------------------------------

[2022-04-05 13:35:27 #1 store] 
Database 'C:\Users\aitor\Desktop\Clase\2\2-2\SI\SI_workspace\Bets21.zip_expanded\Bets21\src\main\resources\bets.temp' is opened by 6984@LAPTOP-209ORI61

[2022-04-05 13:35:27 #2 type] 
Type domain.User is not enhanced.

[2022-04-05 13:35:27 #3 type] 
Type domain.NotAdmin is not enhanced.

[2022-04-05 13:35:27 #4 type] 
Type domain.Bet is not enhanced.

[2022-04-05 13:35:27 #5 type] 
Type domain.Movement is not enhanced.

[2022-04-05 13:35:27 #6 type] 
Type domain.Admin is not enhanced.

[2022-04-05 13:35:27 #7 type] 
Type domain.Quote is not enhanced.

[2022-04-05 13:35:28 #8 type] 
Type domain.Question is not enhanced.

[2022-04-05 13:35:28 #9 type] 
Type domain.Event is not enhanced.

------------------------------------------------------------------------------------------------------------------------

[2022-04-05 13:40:46 #1 store] 
Database 'C:\Users\aitor\Desktop\Clase\2\2-2\SI\SI_workspace\Bets21.zip_expanded\Bets21\src\main\resources\bets.temp' is opened by 5472@LAPTOP-209ORI61

[2022-04-05 13:40:46 #2 type] 
Type domain.User is not enhanced.

[2022-04-05 13:40:46 #3 type] 
Type domain.NotAdmin is not enhanced.

[2022-04-05 13:40:46 #4 type] 
Type domain.Bet is not enhanced.

[2022-04-05 13:40:46 #5 type] 
Type domain.Movement is not enhanced.

[2022-04-05 13:40:46 #6 type] 
Type domain.Admin is not enhanced.

[2022-04-05 13:40:46 #7 type] 
Type domain.Quote is not enhanced.

[2022-04-05 13:40:46 #8 type] 
Type domain.Question is not enhanced.

[2022-04-05 13:40:46 #9 type] 
Type domain.Event is not enhanced.

------------------------------------------------------------------------------------------------------------------------

[2022-04-05 13:43:36 #1 store] 
Database 'C:\Users\aitor\Desktop\Clase\2\2-2\SI\SI_workspace\Bets21.zip_expanded\Bets21\src\main\resources\bets.temp' is opened by 5136@LAPTOP-209ORI61

[2022-04-05 13:43:36 #2 type] 
Type domain.User is not enhanced.

[2022-04-05 13:43:36 #3 type] 
Type domain.NotAdmin is not enhanced.

[2022-04-05 13:43:36 #4 type] 
Type domain.Bet is not enhanced.

[2022-04-05 13:43:36 #5 type] 
Type domain.Movement is not enhanced.

[2022-04-05 13:43:36 #6 type] 
Type domain.Admin is not enhanced.

[2022-04-05 13:43:36 #7 type] 
Type domain.Quote is not enhanced.

[2022-04-05 13:43:36 #8 type] 
Type domain.Question is not enhanced.

[2022-04-05 13:43:36 #9 type] 
Type domain.Event is not enhanced.

------------------------------------------------------------------------------------------------------------------------

[2022-04-05 13:59:45 #1 store] 
Database 'C:\Users\aitor\Desktop\Clase\2\2-2\SI\SI_workspace\Bets21.zip_expanded\Bets21\src\main\resources\bets.temp' is opened by 15424@LAPTOP-209ORI61

[2022-04-05 13:59:46 #2 type.registry] 
New type domain.User

[2022-04-05 13:59:46 #3 type.registry] 
New type domain.NotAdmin

[2022-04-05 13:59:46 #4 type] 
Type domain.User is not enhanced.

[2022-04-05 13:59:46 #5 type] 
Type domain.NotAdmin is not enhanced.

[2022-04-05 13:59:46 #6 type.registry] 
New type domain.Bet

[2022-04-05 13:59:46 #7 type.registry] 
New type java.util.ArrayList<domain.Bet>

[2022-04-05 13:59:46 #8 type.registry] 
New type domain.Movement

[2022-04-05 13:59:46 #9 type.registry] 
New type java.util.ArrayList<domain.Movement>

[2022-04-05 13:59:46 #10 type] 
Type domain.Bet is not enhanced.

[2022-04-05 13:59:46 #11 type] 
Type domain.Movement is not enhanced.

[2022-04-05 13:59:46 #12 type.registry] 
New type domain.Admin

[2022-04-05 13:59:46 #13 type] 
Type domain.Admin is not enhanced.

[2022-04-05 13:59:46 #14 type.registry] 
New type domain.Quote

[2022-04-05 13:59:46 #15 type] 
Type domain.Quote is not enhanced.

[2022-04-05 13:59:46 #16 type.registry] 
New type domain.Question

[2022-04-05 13:59:46 #17 type] 
Type domain.Question is not enhanced.

[2022-04-05 13:59:46 #18 type.registry] 
New type domain.Event

[2022-04-05 13:59:46 #19 type] 
Type domain.Event is not enhanced.

[2022-04-05 13:59:46 #20 type.registry] 
New type java.util.Vector<domain.Question>

[2022-04-05 13:59:46 #21 type.registry] 
New type java.util.ArrayList<java.lang.Object>

[2022-04-05 13:59:46 #22 type.registry] 
New type java.util.Vector<java.lang.Object>

------------------------------------------------------------------------------------------------------------------------

[2022-04-05 14:01:39 #1 store] 
Database 'C:\Users\aitor\Desktop\Clase\2\2-2\SI\SI_workspace\Bets21.zip_expanded\Bets21\src\main\resources\bets.temp' has been recovered (tr. 1-13)

[2022-04-05 14:01:40 #2 store] 
Database 'C:\Users\aitor\Desktop\Clase\2\2-2\SI\SI_workspace\Bets21.zip_expanded\Bets21\src\main\resources\bets.temp' is opened by 15600@LAPTOP-209ORI61

[2022-04-05 14:01:40 #3 type] 
Type domain.User is not enhanced.

[2022-04-05 14:01:40 #4 type] 
Type domain.NotAdmin is not enhanced.

[2022-04-05 14:01:40 #5 type] 
Type domain.Bet is not enhanced.

[2022-04-05 14:01:40 #6 type] 
Type domain.Movement is not enhanced.

[2022-04-05 14:01:40 #7 type] 
Type domain.Admin is not enhanced.

[2022-04-05 14:01:40 #8 type] 
Type domain.Quote is not enhanced.

[2022-04-05 14:01:40 #9 type] 
Type domain.Question is not enhanced.

[2022-04-05 14:01:40 #10 type] 
Type domain.Event is not enhanced.

------------------------------------------------------------------------------------------------------------------------

[2022-04-05 14:02:33 #1 store] 
Database 'C:\Users\aitor\Desktop\Clase\2\2-2\SI\SI_workspace\Bets21.zip_expanded\Bets21\src\main\resources\bets.temp' is opened by 5504@LAPTOP-209ORI61

[2022-04-05 14:02:33 #2 type.registry] 
New type domain.User

[2022-04-05 14:02:33 #3 type.registry] 
New type domain.NotAdmin

[2022-04-05 14:02:33 #4 type] 
Type domain.User is not enhanced.

[2022-04-05 14:02:33 #5 type] 
Type domain.NotAdmin is not enhanced.

[2022-04-05 14:02:33 #6 type.registry] 
New type domain.Bet

[2022-04-05 14:02:33 #7 type.registry] 
New type java.util.ArrayList<domain.Bet>

[2022-04-05 14:02:33 #8 type.registry] 
New type domain.Movement

[2022-04-05 14:02:33 #9 type.registry] 
New type java.util.ArrayList<domain.Movement>

[2022-04-05 14:02:33 #10 type] 
Type domain.Bet is not enhanced.

[2022-04-05 14:02:33 #11 type] 
Type domain.Movement is not enhanced.

[2022-04-05 14:02:33 #12 type.registry] 
New type domain.Admin

[2022-04-05 14:02:33 #13 type] 
Type domain.Admin is not enhanced.

[2022-04-05 14:02:33 #14 type.registry] 
New type domain.Quote

[2022-04-05 14:02:33 #15 type] 
Type domain.Quote is not enhanced.

[2022-04-05 14:02:33 #16 type.registry] 
New type domain.Question

[2022-04-05 14:02:33 #17 type] 
Type domain.Question is not enhanced.

[2022-04-05 14:02:33 #18 type.registry] 
New type domain.Event

[2022-04-05 14:02:33 #19 type] 
Type domain.Event is not enhanced.

[2022-04-05 14:02:33 #20 type.registry] 
New type java.util.Vector<domain.Question>

[2022-04-05 14:02:33 #21 type.registry] 
New type java.util.ArrayList<java.lang.Object>

[2022-04-05 14:02:33 #22 type.registry] 
New type java.util.Vector<java.lang.Object>

------------------------------------------------------------------------------------------------------------------------

[2022-04-05 18:30:24 #1 store] 
Database 'C:\Users\aitor\Desktop\Clase\2\2-2\SI\SI_workspace\Bets21.zip_expanded\Bets21\src\main\resources\bets.temp' is opened by 13624@LAPTOP-209ORI61

[2022-04-05 18:30:24 #2 type] 
Type domain.User is not enhanced.

[2022-04-05 18:30:24 #3 type] 
Type domain.NotAdmin is not enhanced.

[2022-04-05 18:30:24 #4 type] 
Type domain.Bet is not enhanced.

[2022-04-05 18:30:24 #5 type] 
Type domain.Movement is not enhanced.

[2022-04-05 18:30:24 #6 type] 
Type domain.Admin is not enhanced.

[2022-04-05 18:30:24 #7 type] 
Type domain.Quote is not enhanced.

[2022-04-05 18:30:24 #8 type] 
Type domain.Question is not enhanced.

[2022-04-05 18:30:24 #9 type] 
Type domain.Event is not enhanced.

------------------------------------------------------------------------------------------------------------------------

[2022-04-05 18:34:38 #1 store] 
Database 'C:\Users\aitor\Desktop\Clase\2\2-2\SI\SI_workspace\Bets21.zip_expanded\Bets21\src\main\resources\bets.temp' is opened by 9408@LAPTOP-209ORI61

[2022-04-05 18:34:38 #2 type] 
Type domain.User is not enhanced.

[2022-04-05 18:34:38 #3 type] 
Type domain.NotAdmin is not enhanced.

[2022-04-05 18:34:38 #4 type] 
Type domain.Bet is not enhanced.

[2022-04-05 18:34:38 #5 type] 
Type domain.Movement is not enhanced.

[2022-04-05 18:34:38 #6 type] 
Type domain.Admin is not enhanced.

[2022-04-05 18:34:38 #7 type] 
Type domain.Quote is not enhanced.

[2022-04-05 18:34:38 #8 type] 
Type domain.Question is not enhanced.

[2022-04-05 18:34:38 #9 type] 
Type domain.Event is not enhanced.

------------------------------------------------------------------------------------------------------------------------

[2022-04-05 18:36:32 #1 store] 
Database 'C:\Users\aitor\Desktop\Clase\2\2-2\SI\SI_workspace\Bets21.zip_expanded\Bets21\src\main\resources\bets.temp' is opened by 7528@LAPTOP-209ORI61

[2022-04-05 18:36:32 #2 type] 
Type domain.User is not enhanced.

[2022-04-05 18:36:32 #3 type] 
Type domain.NotAdmin is not enhanced.

[2022-04-05 18:36:32 #4 type] 
Type domain.Bet is not enhanced.

[2022-04-05 18:36:32 #5 type] 
Type domain.Movement is not enhanced.

[2022-04-05 18:36:32 #6 type] 
Type domain.Admin is not enhanced.

[2022-04-05 18:36:32 #7 type] 
Type domain.Quote is not enhanced.

[2022-04-05 18:36:32 #8 type] 
Type domain.Question is not enhanced.

[2022-04-05 18:36:32 #9 type] 
Type domain.Event is not enhanced.

------------------------------------------------------------------------------------------------------------------------

[2022-04-05 19:04:57 #1 store] 
Database 'C:\Users\aitor\Desktop\Clase\2\2-2\SI\SI_workspace\Bets21.zip_expanded\Bets21\src\main\resources\bets.temp' is opened by 13684@LAPTOP-209ORI61

[2022-04-05 19:04:57 #2 type] 
Type domain.User is not enhanced.

[2022-04-05 19:04:57 #3 type] 
Type domain.NotAdmin is not enhanced.

[2022-04-05 19:04:57 #4 type] 
Type domain.Bet is not enhanced.

[2022-04-05 19:04:57 #5 type] 
Type domain.Movement is not enhanced.

[2022-04-05 19:04:57 #6 type] 
Type domain.Admin is not enhanced.

[2022-04-05 19:04:57 #7 type] 
Type domain.Quote is not enhanced.

[2022-04-05 19:04:58 #8 type] 
Type domain.Question is not enhanced.

[2022-04-05 19:04:58 #9 type] 
Type domain.Event is not enhanced.

------------------------------------------------------------------------------------------------------------------------

[2022-04-05 19:07:10 #1 store] 
Database 'C:\Users\aitor\Desktop\Clase\2\2-2\SI\SI_workspace\Bets21.zip_expanded\Bets21\src\main\resources\bets.temp' is opened by 13800@LAPTOP-209ORI61

[2022-04-05 19:07:11 #2 type] 
Type domain.User is not enhanced.

[2022-04-05 19:07:11 #3 type] 
Type domain.NotAdmin is not enhanced.

[2022-04-05 19:07:11 #4 type] 
Type domain.Bet is not enhanced.

[2022-04-05 19:07:11 #5 type] 
Type domain.Movement is not enhanced.

[2022-04-05 19:07:11 #6 type] 
Type domain.Admin is not enhanced.

[2022-04-05 19:07:11 #7 type] 
Type domain.Quote is not enhanced.

[2022-04-05 19:07:11 #8 type] 
Type domain.Question is not enhanced.

[2022-04-05 19:07:11 #9 type] 
Type domain.Event is not enhanced.

------------------------------------------------------------------------------------------------------------------------

[2022-04-05 19:18:43 #1 store] 
Database 'C:\Users\aitor\Desktop\Clase\2\2-2\SI\SI_workspace\Bets21.zip_expanded\Bets21\src\main\resources\bets.temp' is opened by 12964@LAPTOP-209ORI61

[2022-04-05 19:18:43 #2 type] 
Type domain.User is not enhanced.

[2022-04-05 19:18:43 #3 type] 
Type domain.NotAdmin is not enhanced.

[2022-04-05 19:18:43 #4 type] 
Type domain.Bet is not enhanced.

[2022-04-05 19:18:43 #5 type] 
Type domain.Movement is not enhanced.

[2022-04-05 19:18:43 #6 type] 
Type domain.Admin is not enhanced.

[2022-04-05 19:18:43 #7 type] 
Type domain.Quote is not enhanced.

[2022-04-05 19:18:43 #8 type] 
Type domain.Question is not enhanced.

[2022-04-05 19:18:44 #9 type] 
Type domain.Event is not enhanced.

------------------------------------------------------------------------------------------------------------------------

[2022-04-05 19:22:23 #1 store] 
Database 'C:\Users\aitor\Desktop\Clase\2\2-2\SI\SI_workspace\Bets21.zip_expanded\Bets21\src\main\resources\bets.temp' has been recovered (tr. 16-16)

[2022-04-05 19:22:23 #2 store] 
Database 'C:\Users\aitor\Desktop\Clase\2\2-2\SI\SI_workspace\Bets21.zip_expanded\Bets21\src\main\resources\bets.temp' is opened by 3988@LAPTOP-209ORI61

[2022-04-05 19:22:23 #3 type] 
Type domain.User is not enhanced.

[2022-04-05 19:22:23 #4 type] 
Type domain.NotAdmin is not enhanced.

[2022-04-05 19:22:23 #5 type] 
Type domain.Bet is not enhanced.

[2022-04-05 19:22:23 #6 type] 
Type domain.Movement is not enhanced.

[2022-04-05 19:22:23 #7 type] 
Type domain.Admin is not enhanced.

[2022-04-05 19:22:23 #8 type] 
Type domain.Quote is not enhanced.

[2022-04-05 19:22:23 #9 type] 
Type domain.Question is not enhanced.

[2022-04-05 19:22:23 #10 type] 
Type domain.Event is not enhanced.

------------------------------------------------------------------------------------------------------------------------

[2022-04-05 19:28:13 #1 store] 
Database 'C:\Users\aitor\Desktop\Clase\2\2-2\SI\SI_workspace\Bets21.zip_expanded\Bets21\src\main\resources\bets.temp' has been recovered (tr. 18-21)

[2022-04-05 19:28:13 #2 store] 
Database 'C:\Users\aitor\Desktop\Clase\2\2-2\SI\SI_workspace\Bets21.zip_expanded\Bets21\src\main\resources\bets.temp' is opened by 6872@LAPTOP-209ORI61

[2022-04-05 19:28:13 #3 type] 
Type domain.User is not enhanced.

[2022-04-05 19:28:13 #4 type] 
Type domain.NotAdmin is not enhanced.

[2022-04-05 19:28:13 #5 type] 
Type domain.Bet is not enhanced.

[2022-04-05 19:28:13 #6 type] 
Type domain.Movement is not enhanced.

[2022-04-05 19:28:13 #7 type] 
Type domain.Admin is not enhanced.

[2022-04-05 19:28:13 #8 type] 
Type domain.Quote is not enhanced.

[2022-04-05 19:28:13 #9 type] 
Type domain.Question is not enhanced.

[2022-04-05 19:28:13 #10 type] 
Type domain.Event is not enhanced.

------------------------------------------------------------------------------------------------------------------------

[2022-04-05 20:51:55 #1 store] 
Database 'C:\Users\aitor\Desktop\Clase\2\2-2\SI\SI_workspace\Bets21.zip_expanded\Bets21\src\main\resources\bets.temp' has been recovered (tr. 23-30)

[2022-04-05 20:51:55 #2 store] 
Database 'C:\Users\aitor\Desktop\Clase\2\2-2\SI\SI_workspace\Bets21.zip_expanded\Bets21\src\main\resources\bets.temp' is opened by 9516@LAPTOP-209ORI61

[2022-04-05 20:51:55 #3 type] 
Type domain.User is not enhanced.

[2022-04-05 20:51:55 #4 type] 
Type domain.NotAdmin is not enhanced.

[2022-04-05 20:51:55 #5 type] 
Type domain.Bet is not enhanced.

[2022-04-05 20:51:55 #6 type] 
Type domain.Movement is not enhanced.

[2022-04-05 20:51:55 #7 type] 
Type domain.Admin is not enhanced.

[2022-04-05 20:51:55 #8 type] 
Type domain.Quote is not enhanced.

[2022-04-05 20:51:55 #9 type] 
Type domain.Question is not enhanced.

[2022-04-05 20:51:55 #10 type] 
Type domain.Event is not enhanced.

------------------------------------------------------------------------------------------------------------------------

[2022-04-05 21:01:08 #1 store] 
Database 'C:\Users\aitor\Desktop\Clase\2\2-2\SI\SI_workspace\Bets21.zip_expanded\Bets21\src\main\resources\bets.temp' is opened by 8128@LAPTOP-209ORI61

[2022-04-05 21:01:09 #2 type] 
Type domain.User is not enhanced.

[2022-04-05 21:01:09 #3 type] 
Type domain.NotAdmin is not enhanced.

[2022-04-05 21:01:09 #4 type] 
Type domain.Bet is not enhanced.

[2022-04-05 21:01:09 #5 type] 
Type domain.Movement is not enhanced.

[2022-04-05 21:01:09 #6 type] 
Type domain.Admin is not enhanced.

[2022-04-05 21:01:09 #7 type] 
Type domain.Quote is not enhanced.

[2022-04-05 21:01:09 #8 type] 
Type domain.Question is not enhanced.

[2022-04-05 21:01:09 #9 type] 
Type domain.Event is not enhanced.

------------------------------------------------------------------------------------------------------------------------

[2022-04-05 21:01:48 #1 store] 
Database 'C:\Users\aitor\Desktop\Clase\2\2-2\SI\SI_workspace\Bets21.zip_expanded\Bets21\src\main\resources\bets.temp' is opened by 7408@LAPTOP-209ORI61

[2022-04-05 21:01:48 #2 type] 
Type domain.User is not enhanced.

[2022-04-05 21:01:48 #3 type] 
Type domain.NotAdmin is not enhanced.

[2022-04-05 21:01:48 #4 type] 
Type domain.Bet is not enhanced.

[2022-04-05 21:01:48 #5 type] 
Type domain.Movement is not enhanced.

[2022-04-05 21:01:48 #6 type] 
Type domain.Admin is not enhanced.

[2022-04-05 21:01:48 #7 type] 
Type domain.Quote is not enhanced.

[2022-04-05 21:01:49 #8 type] 
Type domain.Question is not enhanced.

[2022-04-05 21:01:49 #9 type] 
Type domain.Event is not enhanced.

------------------------------------------------------------------------------------------------------------------------

[2022-04-05 21:07:09 #1 store] 
Database 'C:\Users\aitor\Desktop\Clase\2\2-2\SI\SI_workspace\Bets21.zip_expanded\Bets21\src\main\resources\bets.temp' is opened by 7224@LAPTOP-209ORI61

[2022-04-05 21:07:10 #2 type] 
Type domain.User is not enhanced.

[2022-04-05 21:07:10 #3 type] 
Type domain.NotAdmin is not enhanced.

[2022-04-05 21:07:10 #4 type] 
Type domain.Bet is not enhanced.

[2022-04-05 21:07:10 #5 type] 
Type domain.Movement is not enhanced.

[2022-04-05 21:07:10 #6 type] 
Type domain.Admin is not enhanced.

[2022-04-05 21:07:10 #7 type] 
Type domain.Quote is not enhanced.

[2022-04-05 21:07:10 #8 type] 
Type domain.Question is not enhanced.

[2022-04-05 21:07:10 #9 type] 
Type domain.Event is not enhanced.

------------------------------------------------------------------------------------------------------------------------

[2022-04-05 21:21:03 #1 store] 
Database 'C:\Users\aitor\Desktop\Clase\2\2-2\SI\SI_workspace\Bets21.zip_expanded\Bets21\src\main\resources\bets.temp' is opened by 14248@LAPTOP-209ORI61

[2022-04-05 21:21:04 #2 type.registry] 
New type domain.User

[2022-04-05 21:21:04 #3 type.registry] 
New type domain.NotAdmin

[2022-04-05 21:21:04 #4 type] 
Type domain.User is not enhanced.

[2022-04-05 21:21:04 #5 type] 
Type domain.NotAdmin is not enhanced.

[2022-04-05 21:21:04 #6 type.registry] 
New type domain.Bet

[2022-04-05 21:21:04 #7 type.registry] 
New type java.util.ArrayList<domain.Bet>

[2022-04-05 21:21:04 #8 type.registry] 
New type domain.Movement

[2022-04-05 21:21:04 #9 type.registry] 
New type java.util.ArrayList<domain.Movement>

[2022-04-05 21:21:04 #10 type] 
Type domain.Bet is not enhanced.

[2022-04-05 21:21:04 #11 type.registry] 
New type domain.Quote

[2022-04-05 21:21:04 #12 type] 
Type domain.Movement is not enhanced.

[2022-04-05 21:21:04 #13 type] 
Type domain.Quote is not enhanced.

[2022-04-05 21:21:04 #14 type.registry] 
New type domain.Question

[2022-04-05 21:21:04 #15 type] 
Type domain.Question is not enhanced.

[2022-04-05 21:21:04 #16 type.registry] 
New type domain.Event

[2022-04-05 21:21:04 #17 type] 
Type domain.Event is not enhanced.

[2022-04-05 21:21:04 #18 type.registry] 
New type java.util.Vector<domain.Question>

[2022-04-05 21:21:04 #19 type.registry] 
New type domain.Admin

[2022-04-05 21:21:04 #20 type] 
Type domain.Admin is not enhanced.

[2022-04-05 21:21:04 #21 type.registry] 
New type java.util.ArrayList<java.lang.Object>

[2022-04-05 21:21:04 #22 type.registry] 
New type java.util.Vector<java.lang.Object>

------------------------------------------------------------------------------------------------------------------------

[2022-04-05 21:22:47 #1 store] 
Database 'C:\Users\aitor\Desktop\Clase\2\2-2\SI\SI_workspace\Bets21.zip_expanded\Bets21\src\main\resources\bets.temp' is opened by 4728@LAPTOP-209ORI61

[2022-04-05 21:22:47 #2 type.registry] 
New type domain.User

[2022-04-05 21:22:47 #3 type.registry] 
New type domain.NotAdmin

[2022-04-05 21:22:47 #4 type] 
Type domain.User is not enhanced.

[2022-04-05 21:22:47 #5 type] 
Type domain.NotAdmin is not enhanced.

[2022-04-05 21:22:47 #6 type.registry] 
New type domain.Bet

[2022-04-05 21:22:47 #7 type.registry] 
New type java.util.ArrayList<domain.Bet>

[2022-04-05 21:22:47 #8 type.registry] 
New type domain.Movement

[2022-04-05 21:22:47 #9 type.registry] 
New type java.util.ArrayList<domain.Movement>

[2022-04-05 21:22:47 #10 type] 
Type domain.Bet is not enhanced.

[2022-04-05 21:22:47 #11 type.registry] 
New type domain.Quote

[2022-04-05 21:22:47 #12 type] 
Type domain.Movement is not enhanced.

[2022-04-05 21:22:47 #13 type] 
Type domain.Quote is not enhanced.

[2022-04-05 21:22:47 #14 type.registry] 
New type domain.Question

[2022-04-05 21:22:47 #15 type] 
Type domain.Question is not enhanced.

[2022-04-05 21:22:47 #16 type.registry] 
New type domain.Event

[2022-04-05 21:22:47 #17 type] 
Type domain.Event is not enhanced.

[2022-04-05 21:22:47 #18 type.registry] 
New type java.util.Vector<domain.Question>

[2022-04-05 21:22:47 #19 type.registry] 
New type domain.Admin

[2022-04-05 21:22:47 #20 type] 
Type domain.Admin is not enhanced.

[2022-04-05 21:22:47 #21 type.registry] 
New type java.util.ArrayList<java.lang.Object>

[2022-04-05 21:22:47 #22 type.registry] 
New type java.util.Vector<java.lang.Object>

------------------------------------------------------------------------------------------------------------------------

[2022-04-05 21:30:16 #1 store] 
Database 'C:\Users\aitor\Desktop\Clase\2\2-2\SI\SI_workspace\Bets21.zip_expanded\Bets21\src\main\resources\bets.temp' is opened by 7568@LAPTOP-209ORI61

[2022-04-05 21:30:16 #2 type.registry] 
New type domain.User

[2022-04-05 21:30:16 #3 type.registry] 
New type domain.NotAdmin

[2022-04-05 21:30:16 #4 type] 
Type domain.User is not enhanced.

[2022-04-05 21:30:16 #5 type] 
Type domain.NotAdmin is not enhanced.

[2022-04-05 21:30:16 #6 type.registry] 
New type domain.Bet

[2022-04-05 21:30:16 #7 type.registry] 
New type java.util.ArrayList<domain.Bet>

[2022-04-05 21:30:16 #8 type.registry] 
New type domain.Movement

[2022-04-05 21:30:16 #9 type.registry] 
New type java.util.ArrayList<domain.Movement>

[2022-04-05 21:30:16 #10 type] 
Type domain.Bet is not enhanced.

[2022-04-05 21:30:16 #11 type.registry] 
New type domain.Quote

[2022-04-05 21:30:16 #12 type] 
Type domain.Movement is not enhanced.

[2022-04-05 21:30:16 #13 type] 
Type domain.Quote is not enhanced.

[2022-04-05 21:30:16 #14 type.registry] 
New type domain.Question

[2022-04-05 21:30:16 #15 type] 
Type domain.Question is not enhanced.

[2022-04-05 21:30:16 #16 type.registry] 
New type domain.Event

[2022-04-05 21:30:16 #17 type] 
Type domain.Event is not enhanced.

[2022-04-05 21:30:16 #18 type.registry] 
New type java.util.Vector<domain.Question>

[2022-04-05 21:30:16 #19 type.registry] 
New type domain.Admin

[2022-04-05 21:30:16 #20 type] 
Type domain.Admin is not enhanced.

[2022-04-05 21:30:16 #21 type.registry] 
New type java.util.ArrayList<java.lang.Object>

[2022-04-05 21:30:16 #22 type.registry] 
New type java.util.Vector<java.lang.Object>

------------------------------------------------------------------------------------------------------------------------

[2022-04-05 21:32:49 #1 store] 
Database 'C:\Users\aitor\Desktop\Clase\2\2-2\SI\SI_workspace\Bets21.zip_expanded\Bets21\src\main\resources\bets.temp' is opened by 8592@LAPTOP-209ORI61

[2022-04-05 21:32:50 #2 type.registry] 
New type domain.User

[2022-04-05 21:32:50 #3 type.registry] 
New type domain.NotAdmin

[2022-04-05 21:32:50 #4 type] 
Type domain.User is not enhanced.

[2022-04-05 21:32:50 #5 type] 
Type domain.NotAdmin is not enhanced.

[2022-04-05 21:32:50 #6 type.registry] 
New type domain.Bet

[2022-04-05 21:32:50 #7 type.registry] 
New type java.util.ArrayList<domain.Bet>

[2022-04-05 21:32:50 #8 type.registry] 
New type domain.Movement

[2022-04-05 21:32:50 #9 type.registry] 
New type java.util.ArrayList<domain.Movement>

[2022-04-05 21:32:50 #10 type] 
Type domain.Bet is not enhanced.

[2022-04-05 21:32:50 #11 type.registry] 
New type domain.Quote

[2022-04-05 21:32:50 #12 type] 
Type domain.Movement is not enhanced.

[2022-04-05 21:32:50 #13 type] 
Type domain.Quote is not enhanced.

[2022-04-05 21:32:50 #14 type.registry] 
New type domain.Question

[2022-04-05 21:32:50 #15 type] 
Type domain.Question is not enhanced.

[2022-04-05 21:32:50 #16 type.registry] 
New type domain.Event

[2022-04-05 21:32:50 #17 type] 
Type domain.Event is not enhanced.

[2022-04-05 21:32:50 #18 type.registry] 
New type java.util.Vector<domain.Question>

[2022-04-05 21:32:50 #19 type.registry] 
New type domain.Admin

[2022-04-05 21:32:50 #20 type] 
Type domain.Admin is not enhanced.

[2022-04-05 21:32:50 #21 type.registry] 
New type java.util.ArrayList<java.lang.Object>

[2022-04-05 21:32:50 #22 type.registry] 
New type java.util.Vector<java.lang.Object>

------------------------------------------------------------------------------------------------------------------------

[2022-04-05 21:39:18 #1 store] 
Database 'C:\Users\aitor\Desktop\Clase\2\2-2\SI\SI_workspace\Bets21.zip_expanded\Bets21\src\main\resources\bets.temp' is opened by 15292@LAPTOP-209ORI61

[2022-04-05 21:39:18 #2 type.registry] 
New type domain.User

[2022-04-05 21:39:18 #3 type.registry] 
New type domain.NotAdmin

[2022-04-05 21:39:18 #4 type] 
Type domain.User is not enhanced.

[2022-04-05 21:39:18 #5 type] 
Type domain.NotAdmin is not enhanced.

[2022-04-05 21:39:18 #6 type.registry] 
New type domain.Bet

[2022-04-05 21:39:18 #7 type.registry] 
New type java.util.ArrayList<domain.Bet>

[2022-04-05 21:39:18 #8 type.registry] 
New type domain.Movement

[2022-04-05 21:39:18 #9 type.registry] 
New type java.util.ArrayList<domain.Movement>

[2022-04-05 21:39:18 #10 type] 
Type domain.Bet is not enhanced.

[2022-04-05 21:39:18 #11 type.registry] 
New type domain.Quote

[2022-04-05 21:39:18 #12 type] 
Type domain.Movement is not enhanced.

[2022-04-05 21:39:18 #13 type] 
Type domain.Quote is not enhanced.

[2022-04-05 21:39:18 #14 type.registry] 
New type domain.Question

[2022-04-05 21:39:18 #15 type] 
Type domain.Question is not enhanced.

[2022-04-05 21:39:18 #16 type.registry] 
New type domain.Event

[2022-04-05 21:39:18 #17 type] 
Type domain.Event is not enhanced.

[2022-04-05 21:39:18 #18 type.registry] 
New type java.util.Vector<domain.Question>

[2022-04-05 21:39:18 #19 type.registry] 
New type domain.Admin

[2022-04-05 21:39:18 #20 type] 
Type domain.Admin is not enhanced.

[2022-04-05 21:39:18 #21 type.registry] 
New type java.util.ArrayList<java.lang.Object>

[2022-04-05 21:39:18 #22 type.registry] 
New type java.util.Vector<java.lang.Object>

------------------------------------------------------------------------------------------------------------------------

[2022-04-05 21:41:45 #1 store] 
Database 'C:\Users\aitor\Desktop\Clase\2\2-2\SI\SI_workspace\Bets21.zip_expanded\Bets21\src\main\resources\bets.temp' is opened by 14348@LAPTOP-209ORI61

[2022-04-05 21:41:46 #2 type.registry] 
New type domain.User

[2022-04-05 21:41:46 #3 type.registry] 
New type domain.NotAdmin

[2022-04-05 21:41:46 #4 type] 
Type domain.User is not enhanced.

[2022-04-05 21:41:46 #5 type] 
Type domain.NotAdmin is not enhanced.

[2022-04-05 21:41:46 #6 type.registry] 
New type domain.Bet

[2022-04-05 21:41:46 #7 type.registry] 
New type java.util.ArrayList<domain.Bet>

[2022-04-05 21:41:46 #8 type.registry] 
New type domain.Movement

[2022-04-05 21:41:46 #9 type.registry] 
New type java.util.ArrayList<domain.Movement>

[2022-04-05 21:41:46 #10 type] 
Type domain.Bet is not enhanced.

[2022-04-05 21:41:46 #11 type.registry] 
New type domain.Quote

[2022-04-05 21:41:46 #12 type] 
Type domain.Movement is not enhanced.

[2022-04-05 21:41:46 #13 type] 
Type domain.Quote is not enhanced.

[2022-04-05 21:41:46 #14 type.registry] 
New type domain.Question

[2022-04-05 21:41:46 #15 type] 
Type domain.Question is not enhanced.

[2022-04-05 21:41:46 #16 type.registry] 
New type domain.Event

[2022-04-05 21:41:46 #17 type] 
Type domain.Event is not enhanced.

[2022-04-05 21:41:46 #18 type.registry] 
New type java.util.Vector<domain.Question>

[2022-04-05 21:41:46 #19 type.registry] 
New type domain.Admin

[2022-04-05 21:41:46 #20 type] 
Type domain.Admin is not enhanced.

[2022-04-05 21:41:46 #21 type.registry] 
New type java.util.ArrayList<java.lang.Object>

[2022-04-05 21:41:46 #22 type.registry] 
New type java.util.Vector<java.lang.Object>

------------------------------------------------------------------------------------------------------------------------

[2022-04-05 21:47:25 #1 store] 
Database 'C:\Users\aitor\Desktop\Clase\2\2-2\SI\SI_workspace\Bets21.zip_expanded\Bets21\src\main\resources\bets.temp' is opened by 14284@LAPTOP-209ORI61

[2022-04-05 21:47:25 #2 type.registry] 
New type domain.User

[2022-04-05 21:47:25 #3 type.registry] 
New type domain.NotAdmin

[2022-04-05 21:47:25 #4 type] 
Type domain.User is not enhanced.

[2022-04-05 21:47:25 #5 type] 
Type domain.NotAdmin is not enhanced.

[2022-04-05 21:47:25 #6 type.registry] 
New type domain.Bet

[2022-04-05 21:47:25 #7 type.registry] 
New type java.util.ArrayList<domain.Bet>

[2022-04-05 21:47:25 #8 type.registry] 
New type domain.Movement

[2022-04-05 21:47:25 #9 type.registry] 
New type java.util.ArrayList<domain.Movement>

[2022-04-05 21:47:25 #10 type] 
Type domain.Bet is not enhanced.

[2022-04-05 21:47:25 #11 type.registry] 
New type domain.Quote

[2022-04-05 21:47:25 #12 type] 
Type domain.Movement is not enhanced.

[2022-04-05 21:47:25 #13 type] 
Type domain.Quote is not enhanced.

[2022-04-05 21:47:25 #14 type.registry] 
New type domain.Question

[2022-04-05 21:47:25 #15 type] 
Type domain.Question is not enhanced.

[2022-04-05 21:47:25 #16 type.registry] 
New type domain.Event

[2022-04-05 21:47:25 #17 type] 
Type domain.Event is not enhanced.

[2022-04-05 21:47:25 #18 type.registry] 
New type java.util.Vector<domain.Question>

[2022-04-05 21:47:25 #19 type.registry] 
New type domain.Admin

[2022-04-05 21:47:25 #20 type] 
Type domain.Admin is not enhanced.

[2022-04-05 21:47:25 #21 type.registry] 
New type java.util.ArrayList<java.lang.Object>

[2022-04-05 21:47:25 #22 type.registry] 
New type java.util.Vector<java.lang.Object>

------------------------------------------------------------------------------------------------------------------------

[2022-04-05 23:45:14 #1 store] 
Database 'C:\Users\aitor\Desktop\Clase\2\2-2\SI\SI_workspace\Bets21.zip_expanded\Bets21\src\main\resources\bets.temp' has been recovered (tr. 1-15)

[2022-04-05 23:45:14 #2 store] 
Database 'C:\Users\aitor\Desktop\Clase\2\2-2\SI\SI_workspace\Bets21.zip_expanded\Bets21\src\main\resources\bets.temp' is opened by 3524@LAPTOP-209ORI61

[2022-04-05 23:45:14 #3 type] 
Type domain.User is not enhanced.

[2022-04-05 23:45:14 #4 type] 
Type domain.NotAdmin is not enhanced.

[2022-04-05 23:45:14 #5 type] 
Type domain.Bet is not enhanced.

[2022-04-05 23:45:14 #6 type] 
Type domain.Movement is not enhanced.

[2022-04-05 23:45:15 #7 type] 
Type domain.Quote is not enhanced.

[2022-04-05 23:45:15 #8 type] 
Type domain.Question is not enhanced.

[2022-04-05 23:45:15 #9 type] 
Type domain.Event is not enhanced.

[2022-04-05 23:45:15 #10 type] 
Type domain.Admin is not enhanced.

------------------------------------------------------------------------------------------------------------------------

[2022-04-05 23:48:11 #1 store] 
Database 'C:\Users\aitor\Desktop\Clase\2\2-2\SI\SI_workspace\Bets21.zip_expanded\Bets21\src\main\resources\bets.temp' has been recovered (tr. 16-16)

[2022-04-05 23:48:11 #2 store] 
Database 'C:\Users\aitor\Desktop\Clase\2\2-2\SI\SI_workspace\Bets21.zip_expanded\Bets21\src\main\resources\bets.temp' is opened by 9840@LAPTOP-209ORI61

[2022-04-05 23:48:12 #3 type] 
Type domain.User is not enhanced.

[2022-04-05 23:48:12 #4 type] 
Type domain.NotAdmin is not enhanced.

[2022-04-05 23:48:12 #5 type] 
Type domain.Bet is not enhanced.

[2022-04-05 23:48:12 #6 type] 
Type domain.Movement is not enhanced.

[2022-04-05 23:48:12 #7 type] 
Type domain.Quote is not enhanced.

[2022-04-05 23:48:12 #8 type] 
Type domain.Question is not enhanced.

[2022-04-05 23:48:12 #9 type] 
Type domain.Event is not enhanced.

[2022-04-05 23:48:12 #10 type] 
Type domain.Admin is not enhanced.

------------------------------------------------------------------------------------------------------------------------

[2022-04-05 23:51:32 #1 store] 
Database 'C:\Users\aitor\Desktop\Clase\2\2-2\SI\SI_workspace\Bets21.zip_expanded\Bets21\src\main\resources\bets.temp' is opened by 11632@LAPTOP-209ORI61

[2022-04-05 23:51:32 #2 type] 
Type domain.User is not enhanced.

[2022-04-05 23:51:32 #3 type] 
Type domain.NotAdmin is not enhanced.

[2022-04-05 23:51:32 #4 type] 
Type domain.Bet is not enhanced.

[2022-04-05 23:51:32 #5 type] 
Type domain.Movement is not enhanced.

[2022-04-05 23:51:32 #6 type] 
Type domain.Quote is not enhanced.

[2022-04-05 23:51:32 #7 type] 
Type domain.Question is not enhanced.

[2022-04-05 23:51:32 #8 type] 
Type domain.Event is not enhanced.

[2022-04-05 23:51:32 #9 type] 
Type domain.Admin is not enhanced.

------------------------------------------------------------------------------------------------------------------------

[2022-04-05 23:53:59 #1 store] 
Database 'C:\Users\aitor\Desktop\Clase\2\2-2\SI\SI_workspace\Bets21.zip_expanded\Bets21\src\main\resources\bets.temp' is opened by 6648@LAPTOP-209ORI61

[2022-04-05 23:54:00 #2 type] 
Type domain.User is not enhanced.

[2022-04-05 23:54:00 #3 type] 
Type domain.NotAdmin is not enhanced.

[2022-04-05 23:54:00 #4 type] 
Type domain.Bet is not enhanced.

[2022-04-05 23:54:00 #5 type] 
Type domain.Movement is not enhanced.

[2022-04-05 23:54:00 #6 type] 
Type domain.Quote is not enhanced.

[2022-04-05 23:54:00 #7 type] 
Type domain.Question is not enhanced.

[2022-04-05 23:54:00 #8 type] 
Type domain.Event is not enhanced.

[2022-04-05 23:54:00 #9 type] 
Type domain.Admin is not enhanced.

------------------------------------------------------------------------------------------------------------------------

[2022-04-05 23:57:32 #1 store] 
Database 'C:\Users\aitor\Desktop\Clase\2\2-2\SI\SI_workspace\Bets21.zip_expanded\Bets21\src\main\resources\bets.temp' is opened by 15412@LAPTOP-209ORI61

[2022-04-05 23:57:32 #2 type] 
Type domain.User is not enhanced.

[2022-04-05 23:57:32 #3 type] 
Type domain.NotAdmin is not enhanced.

[2022-04-05 23:57:32 #4 type] 
Type domain.Bet is not enhanced.

[2022-04-05 23:57:32 #5 type] 
Type domain.Movement is not enhanced.

[2022-04-05 23:57:32 #6 type] 
Type domain.Quote is not enhanced.

[2022-04-05 23:57:32 #7 type] 
Type domain.Question is not enhanced.

[2022-04-05 23:57:32 #8 type] 
Type domain.Event is not enhanced.

[2022-04-05 23:57:32 #9 type] 
Type domain.Admin is not enhanced.

------------------------------------------------------------------------------------------------------------------------

[2022-04-05 23:59:39 #1 store] 
Database 'C:\Users\aitor\Desktop\Clase\2\2-2\SI\SI_workspace\Bets21.zip_expanded\Bets21\src\main\resources\bets.temp' is opened by 10092@LAPTOP-209ORI61

[2022-04-05 23:59:39 #2 type] 
Type domain.User is not enhanced.

[2022-04-05 23:59:39 #3 type] 
Type domain.NotAdmin is not enhanced.

[2022-04-05 23:59:39 #4 type] 
Type domain.Bet is not enhanced.

[2022-04-05 23:59:39 #5 type] 
Type domain.Movement is not enhanced.

[2022-04-05 23:59:39 #6 type] 
Type domain.Quote is not enhanced.

[2022-04-05 23:59:39 #7 type] 
Type domain.Question is not enhanced.

[2022-04-05 23:59:39 #8 type] 
Type domain.Event is not enhanced.

[2022-04-05 23:59:39 #9 type] 
Type domain.Admin is not enhanced.

