------------------------------------------------------------------------------------------------------------------------

[2022-04-04 13:10:55 #1 store] 
Database 'C:\Users\aitor\Desktop\Clase\2\2-2\SI\SI_workspace\Bets21.zip_expanded\Bets21\src\main\resources\bets.temp' is opened by 15720@LAPTOP-209ORI61

[2022-04-04 13:10:55 #2 type] 
Type domain.User is not enhanced.

[2022-04-04 13:10:55 #3 type] 
Type domain.Movement is not enhanced.

[2022-04-04 13:10:55 #4 type] 
Type domain.Question is not enhanced.

[2022-04-04 13:10:55 #5 type] 
Type domain.Event is not enhanced.

[2022-04-04 13:10:55 #6 type] 
Type domain.NotAdmin is not enhanced.

[2022-04-04 13:10:55 #7 type] 
Type domain.Admin is not enhanced.

[2022-04-04 13:10:55 #8 type] 
Type domain.Bet is not enhanced.

------------------------------------------------------------------------------------------------------------------------

[2022-04-04 13:15:53 #1 store] 
Database 'C:\Users\aitor\Desktop\Clase\2\2-2\SI\SI_workspace\Bets21.zip_expanded\Bets21\src\main\resources\bets.temp' is opened by 14568@LAPTOP-209ORI61

[2022-04-04 13:15:53 #2 type] 
Type domain.User is not enhanced.

[2022-04-04 13:15:53 #3 type] 
Type domain.Movement is not enhanced.

[2022-04-04 13:15:53 #4 type] 
Type domain.Question is not enhanced.

[2022-04-04 13:15:53 #5 type] 
Type domain.Event is not enhanced.

[2022-04-04 13:15:53 #6 type] 
Type domain.NotAdmin is not enhanced.

[2022-04-04 13:15:53 #7 type] 
Type domain.Admin is not enhanced.

[2022-04-04 13:15:53 #8 type] 
Type domain.Bet is not enhanced.

------------------------------------------------------------------------------------------------------------------------

[2022-04-04 13:24:57 #1 store] 
Database 'C:\Users\aitor\Desktop\Clase\2\2-2\SI\SI_workspace\Bets21.zip_expanded\Bets21\src\main\resources\bets.temp' is opened by 3216@LAPTOP-209ORI61

[2022-04-04 13:24:57 #2 type] 
Type domain.User is not enhanced.

[2022-04-04 13:24:57 #3 type] 
Type domain.Movement is not enhanced.

[2022-04-04 13:24:57 #4 type] 
Type domain.Question is not enhanced.

[2022-04-04 13:24:58 #5 type] 
Type domain.Event is not enhanced.

[2022-04-04 13:24:58 #6 type] 
Type domain.NotAdmin is not enhanced.

[2022-04-04 13:24:58 #7 type] 
Type domain.Admin is not enhanced.

[2022-04-04 13:24:58 #8 type] 
Type domain.Bet is not enhanced.

------------------------------------------------------------------------------------------------------------------------

[2022-04-04 13:25:44 #1 store] 
Database 'C:\Users\aitor\Desktop\Clase\2\2-2\SI\SI_workspace\Bets21.zip_expanded\Bets21\src\main\resources\bets.temp' is opened by 8844@LAPTOP-209ORI61

[2022-04-04 13:25:44 #2 type] 
Type domain.User is not enhanced.

[2022-04-04 13:25:44 #3 type] 
Type domain.Movement is not enhanced.

[2022-04-04 13:25:44 #4 type] 
Type domain.Question is not enhanced.

[2022-04-04 13:25:44 #5 type] 
Type domain.Event is not enhanced.

[2022-04-04 13:25:44 #6 type] 
Type domain.NotAdmin is not enhanced.

[2022-04-04 13:25:44 #7 type] 
Type domain.Admin is not enhanced.

[2022-04-04 13:25:44 #8 type] 
Type domain.Bet is not enhanced.

------------------------------------------------------------------------------------------------------------------------

[2022-04-04 13:28:19 #1 store] 
Database 'C:\Users\aitor\Desktop\Clase\2\2-2\SI\SI_workspace\Bets21.zip_expanded\Bets21\src\main\resources\bets.temp' is opened by 6352@LAPTOP-209ORI61

[2022-04-04 13:28:19 #2 type] 
Type domain.User is not enhanced.

[2022-04-04 13:28:19 #3 type] 
Type domain.Movement is not enhanced.

[2022-04-04 13:28:19 #4 type] 
Type domain.Question is not enhanced.

[2022-04-04 13:28:19 #5 type] 
Type domain.Event is not enhanced.

[2022-04-04 13:28:19 #6 type] 
Type domain.NotAdmin is not enhanced.

[2022-04-04 13:28:19 #7 type] 
Type domain.Admin is not enhanced.

[2022-04-04 13:28:19 #8 type] 
Type domain.Bet is not enhanced.

------------------------------------------------------------------------------------------------------------------------

[2022-04-04 13:30:22 #1 store] 
Database 'C:\Users\aitor\Desktop\Clase\2\2-2\SI\SI_workspace\Bets21.zip_expanded\Bets21\src\main\resources\bets.temp' is opened by 8564@LAPTOP-209ORI61

[2022-04-04 13:30:23 #2 type] 
Type domain.User is not enhanced.

[2022-04-04 13:30:23 #3 type] 
Type domain.Movement is not enhanced.

[2022-04-04 13:30:23 #4 type] 
Type domain.Question is not enhanced.

[2022-04-04 13:30:23 #5 type] 
Type domain.Event is not enhanced.

[2022-04-04 13:30:23 #6 type] 
Type domain.NotAdmin is not enhanced.

[2022-04-04 13:30:23 #7 type] 
Type domain.Admin is not enhanced.

[2022-04-04 13:30:23 #8 type] 
Type domain.Bet is not enhanced.

------------------------------------------------------------------------------------------------------------------------

[2022-04-04 13:30:59 #1 store] 
Database 'C:\Users\aitor\Desktop\Clase\2\2-2\SI\SI_workspace\Bets21.zip_expanded\Bets21\src\main\resources\bets.temp' is opened by 13332@LAPTOP-209ORI61

[2022-04-04 13:30:59 #2 type] 
Type domain.User is not enhanced.

[2022-04-04 13:30:59 #3 type] 
Type domain.Movement is not enhanced.

[2022-04-04 13:30:59 #4 type] 
Type domain.Question is not enhanced.

[2022-04-04 13:30:59 #5 type] 
Type domain.Event is not enhanced.

[2022-04-04 13:30:59 #6 type] 
Type domain.NotAdmin is not enhanced.

[2022-04-04 13:30:59 #7 type] 
Type domain.Admin is not enhanced.

[2022-04-04 13:30:59 #8 type] 
Type domain.Bet is not enhanced.

------------------------------------------------------------------------------------------------------------------------

[2022-04-04 13:32:35 #1 store] 
Database 'C:\Users\aitor\Desktop\Clase\2\2-2\SI\SI_workspace\Bets21.zip_expanded\Bets21\src\main\resources\bets.temp' is opened by 4816@LAPTOP-209ORI61

[2022-04-04 13:32:36 #2 type] 
Type domain.User is not enhanced.

[2022-04-04 13:32:36 #3 type] 
Type domain.Movement is not enhanced.

[2022-04-04 13:32:36 #4 type] 
Type domain.Question is not enhanced.

[2022-04-04 13:32:36 #5 type] 
Type domain.Event is not enhanced.

[2022-04-04 13:32:36 #6 type] 
Type domain.NotAdmin is not enhanced.

[2022-04-04 13:32:36 #7 type] 
Type domain.Admin is not enhanced.

[2022-04-04 13:32:36 #8 type] 
Type domain.Bet is not enhanced.

------------------------------------------------------------------------------------------------------------------------

[2022-04-04 13:35:51 #1 store] 
Database 'C:\Users\aitor\Desktop\Clase\2\2-2\SI\SI_workspace\Bets21.zip_expanded\Bets21\src\main\resources\bets.temp' is opened by 12724@LAPTOP-209ORI61

[2022-04-04 13:35:51 #2 type] 
Type domain.User is not enhanced.

[2022-04-04 13:35:51 #3 type] 
Type domain.Movement is not enhanced.

[2022-04-04 13:35:51 #4 type] 
Type domain.Question is not enhanced.

[2022-04-04 13:35:51 #5 type] 
Type domain.Event is not enhanced.

[2022-04-04 13:35:51 #6 type] 
Type domain.NotAdmin is not enhanced.

[2022-04-04 13:35:51 #7 type] 
Type domain.Admin is not enhanced.

[2022-04-04 13:35:51 #8 type] 
Type domain.Bet is not enhanced.

------------------------------------------------------------------------------------------------------------------------

[2022-04-04 13:37:04 #1 store] 
Database 'C:\Users\aitor\Desktop\Clase\2\2-2\SI\SI_workspace\Bets21.zip_expanded\Bets21\src\main\resources\bets.temp' is opened by 1656@LAPTOP-209ORI61

[2022-04-04 13:37:04 #2 type] 
Type domain.User is not enhanced.

[2022-04-04 13:37:04 #3 type] 
Type domain.Movement is not enhanced.

[2022-04-04 13:37:04 #4 type] 
Type domain.Question is not enhanced.

[2022-04-04 13:37:04 #5 type] 
Type domain.Event is not enhanced.

[2022-04-04 13:37:04 #6 type] 
Type domain.NotAdmin is not enhanced.

[2022-04-04 13:37:04 #7 type] 
Type domain.Admin is not enhanced.

[2022-04-04 13:37:04 #8 type] 
Type domain.Bet is not enhanced.

------------------------------------------------------------------------------------------------------------------------

[2022-04-04 13:38:12 #1 store] 
Database 'C:\Users\aitor\Desktop\Clase\2\2-2\SI\SI_workspace\Bets21.zip_expanded\Bets21\src\main\resources\bets.temp' is opened by 15292@LAPTOP-209ORI61

[2022-04-04 13:38:13 #2 type] 
Type domain.User is not enhanced.

[2022-04-04 13:38:13 #3 type] 
Type domain.Movement is not enhanced.

[2022-04-04 13:38:13 #4 type] 
Type domain.Question is not enhanced.

[2022-04-04 13:38:13 #5 type] 
Type domain.Event is not enhanced.

[2022-04-04 13:38:13 #6 type] 
Type domain.NotAdmin is not enhanced.

[2022-04-04 13:38:13 #7 type] 
Type domain.Admin is not enhanced.

[2022-04-04 13:38:13 #8 type] 
Type domain.Bet is not enhanced.

------------------------------------------------------------------------------------------------------------------------

[2022-04-04 13:44:36 #1 store] 
Database 'C:\Users\aitor\Desktop\Clase\2\2-2\SI\SI_workspace\Bets21.zip_expanded\Bets21\src\main\resources\bets.temp' is opened by 11920@LAPTOP-209ORI61

[2022-04-04 13:44:36 #2 type] 
Type domain.User is not enhanced.

[2022-04-04 13:44:36 #3 type] 
Type domain.Movement is not enhanced.

[2022-04-04 13:44:36 #4 type] 
Type domain.Question is not enhanced.

[2022-04-04 13:44:36 #5 type] 
Type domain.Event is not enhanced.

[2022-04-04 13:44:36 #6 type] 
Type domain.NotAdmin is not enhanced.

[2022-04-04 13:44:36 #7 type] 
Type domain.Admin is not enhanced.

[2022-04-04 13:44:36 #8 type] 
Type domain.Bet is not enhanced.

------------------------------------------------------------------------------------------------------------------------

[2022-04-04 13:49:48 #1 store] 
Database 'C:\Users\aitor\Desktop\Clase\2\2-2\SI\SI_workspace\Bets21.zip_expanded\Bets21\src\main\resources\bets.temp' is opened by 12140@LAPTOP-209ORI61

[2022-04-04 13:49:48 #2 type] 
Type domain.User is not enhanced.

[2022-04-04 13:49:48 #3 type] 
Type domain.Movement is not enhanced.

[2022-04-04 13:49:48 #4 type] 
Type domain.Question is not enhanced.

[2022-04-04 13:49:48 #5 type] 
Type domain.Event is not enhanced.

[2022-04-04 13:49:48 #6 type] 
Type domain.NotAdmin is not enhanced.

[2022-04-04 13:49:48 #7 type] 
Type domain.Admin is not enhanced.

[2022-04-04 13:49:48 #8 type] 
Type domain.Bet is not enhanced.

------------------------------------------------------------------------------------------------------------------------

[2022-04-04 13:51:26 #1 store] 
Database 'C:\Users\aitor\Desktop\Clase\2\2-2\SI\SI_workspace\Bets21.zip_expanded\Bets21\src\main\resources\bets.temp' has been recovered (tr. 53-54)

[2022-04-04 13:51:26 #2 store] 
Database 'C:\Users\aitor\Desktop\Clase\2\2-2\SI\SI_workspace\Bets21.zip_expanded\Bets21\src\main\resources\bets.temp' is opened by 11352@LAPTOP-209ORI61

[2022-04-04 13:51:26 #3 type] 
Type domain.User is not enhanced.

[2022-04-04 13:51:26 #4 type] 
Type domain.Movement is not enhanced.

[2022-04-04 13:51:26 #5 type] 
Type domain.Question is not enhanced.

[2022-04-04 13:51:26 #6 type] 
Type domain.Event is not enhanced.

[2022-04-04 13:51:26 #7 type] 
Type domain.NotAdmin is not enhanced.

[2022-04-04 13:51:26 #8 type] 
Type domain.Admin is not enhanced.

[2022-04-04 13:51:26 #9 type] 
Type domain.Bet is not enhanced.

------------------------------------------------------------------------------------------------------------------------

[2022-04-04 13:52:20 #1 store] 
Database 'C:\Users\aitor\Desktop\Clase\2\2-2\SI\SI_workspace\Bets21.zip_expanded\Bets21\src\main\resources\bets.temp' is opened by 11636@LAPTOP-209ORI61

[2022-04-04 13:52:20 #2 type] 
Type domain.User is not enhanced.

[2022-04-04 13:52:20 #3 type] 
Type domain.Movement is not enhanced.

[2022-04-04 13:52:20 #4 type] 
Type domain.Question is not enhanced.

[2022-04-04 13:52:20 #5 type] 
Type domain.Event is not enhanced.

[2022-04-04 13:52:20 #6 type] 
Type domain.NotAdmin is not enhanced.

[2022-04-04 13:52:20 #7 type] 
Type domain.Admin is not enhanced.

[2022-04-04 13:52:20 #8 type] 
Type domain.Bet is not enhanced.

------------------------------------------------------------------------------------------------------------------------

[2022-04-04 13:53:32 #1 store] 
Database 'C:\Users\aitor\Desktop\Clase\2\2-2\SI\SI_workspace\Bets21.zip_expanded\Bets21\src\main\resources\bets.temp' has been recovered (tr. 56-57)

[2022-04-04 13:53:32 #2 store] 
Database 'C:\Users\aitor\Desktop\Clase\2\2-2\SI\SI_workspace\Bets21.zip_expanded\Bets21\src\main\resources\bets.temp' is opened by 3164@LAPTOP-209ORI61

[2022-04-04 13:53:32 #3 type] 
Type domain.User is not enhanced.

[2022-04-04 13:53:32 #4 type] 
Type domain.Movement is not enhanced.

[2022-04-04 13:53:32 #5 type] 
Type domain.Question is not enhanced.

[2022-04-04 13:53:32 #6 type] 
Type domain.Event is not enhanced.

[2022-04-04 13:53:32 #7 type] 
Type domain.NotAdmin is not enhanced.

[2022-04-04 13:53:32 #8 type] 
Type domain.Admin is not enhanced.

[2022-04-04 13:53:32 #9 type] 
Type domain.Bet is not enhanced.

------------------------------------------------------------------------------------------------------------------------

[2022-04-04 13:56:58 #1 store] 
Database 'C:\Users\aitor\Desktop\Clase\2\2-2\SI\SI_workspace\Bets21.zip_expanded\Bets21\src\main\resources\bets.temp' is opened by 14384@LAPTOP-209ORI61

[2022-04-04 13:56:58 #2 type.registry] 
New type domain.User

[2022-04-04 13:56:58 #3 type.registry] 
New type domain.NotAdmin

[2022-04-04 13:56:58 #4 type] 
Type domain.User is not enhanced.

[2022-04-04 13:56:58 #5 type] 
Type domain.NotAdmin is not enhanced.

[2022-04-04 13:56:58 #6 type.registry] 
New type domain.Bet

[2022-04-04 13:56:58 #7 type.registry] 
New type java.util.ArrayList<domain.Bet>

[2022-04-04 13:56:58 #8 type.registry] 
New type domain.Movement

[2022-04-04 13:56:58 #9 type.registry] 
New type java.util.ArrayList<domain.Movement>

[2022-04-04 13:56:58 #10 type] 
Type domain.Bet is not enhanced.

[2022-04-04 13:56:58 #11 type] 
Type domain.Movement is not enhanced.

[2022-04-04 13:56:58 #12 type.registry] 
New type domain.Admin

[2022-04-04 13:56:58 #13 type] 
Type domain.Admin is not enhanced.

[2022-04-04 13:56:58 #14 type.registry] 
New type domain.Question

[2022-04-04 13:56:58 #15 type] 
Type domain.Question is not enhanced.

[2022-04-04 13:56:58 #16 type.registry] 
New type domain.Event

[2022-04-04 13:56:58 #17 type] 
Type domain.Event is not enhanced.

[2022-04-04 13:56:58 #18 type.registry] 
New type java.util.Vector<domain.Question>

[2022-04-04 13:56:58 #19 type.registry] 
New type java.util.ArrayList<java.lang.Object>

[2022-04-04 13:56:58 #20 type.registry] 
New type java.util.Vector<java.lang.Object>

------------------------------------------------------------------------------------------------------------------------

[2022-04-04 17:40:12 #1 store] 
Database 'C:\Users\aitor\Desktop\Clase\2\2-2\SI\SI_workspace\Bets21.zip_expanded\Bets21\src\main\resources\bets.temp' is opened by 14400@LAPTOP-209ORI61

[2022-04-04 17:40:12 #2 type.registry] 
New type domain.User

[2022-04-04 17:40:12 #3 type.registry] 
New type domain.NotAdmin

[2022-04-04 17:40:12 #4 type] 
Type domain.User is not enhanced.

[2022-04-04 17:40:12 #5 type] 
Type domain.NotAdmin is not enhanced.

[2022-04-04 17:40:12 #6 type.registry] 
New type domain.Bet

[2022-04-04 17:40:12 #7 type.registry] 
New type java.util.ArrayList<domain.Bet>

[2022-04-04 17:40:12 #8 type.registry] 
New type domain.Movement

[2022-04-04 17:40:12 #9 type.registry] 
New type java.util.ArrayList<domain.Movement>

[2022-04-04 17:40:12 #10 type] 
Type domain.Bet is not enhanced.

[2022-04-04 17:40:12 #11 type] 
Type domain.Movement is not enhanced.

[2022-04-04 17:40:12 #12 type.registry] 
New type domain.Admin

[2022-04-04 17:40:12 #13 type] 
Type domain.Admin is not enhanced.

[2022-04-04 17:40:12 #14 type.registry] 
New type domain.Question

[2022-04-04 17:40:12 #15 type] 
Type domain.Question is not enhanced.

[2022-04-04 17:40:12 #16 type.registry] 
New type domain.Event

[2022-04-04 17:40:12 #17 type] 
Type domain.Event is not enhanced.

[2022-04-04 17:40:12 #18 type.registry] 
New type java.util.Vector<domain.Question>

[2022-04-04 17:40:12 #19 type.registry] 
New type java.util.ArrayList<java.lang.Object>

[2022-04-04 17:40:12 #20 type.registry] 
New type java.util.Vector<java.lang.Object>

------------------------------------------------------------------------------------------------------------------------

[2022-04-04 17:45:52 #1 store] 
Database 'C:\Users\aitor\Desktop\Clase\2\2-2\SI\SI_workspace\Bets21.zip_expanded\Bets21\src\main\resources\bets.temp' is opened by 12604@LAPTOP-209ORI61

[2022-04-04 17:45:52 #2 type.registry] 
New type domain.User

[2022-04-04 17:45:52 #3 type.registry] 
New type domain.NotAdmin

[2022-04-04 17:45:52 #4 type] 
Type domain.User is not enhanced.

[2022-04-04 17:45:52 #5 type] 
Type domain.NotAdmin is not enhanced.

[2022-04-04 17:45:52 #6 type.registry] 
New type domain.Bet

[2022-04-04 17:45:52 #7 type.registry] 
New type java.util.ArrayList<domain.Bet>

[2022-04-04 17:45:52 #8 type.registry] 
New type domain.Movement

[2022-04-04 17:45:52 #9 type.registry] 
New type java.util.ArrayList<domain.Movement>

[2022-04-04 17:45:52 #10 type] 
Type domain.Bet is not enhanced.

[2022-04-04 17:45:52 #11 type] 
Type domain.Movement is not enhanced.

[2022-04-04 17:45:52 #12 type.registry] 
New type domain.Admin

[2022-04-04 17:45:52 #13 type] 
Type domain.Admin is not enhanced.

[2022-04-04 17:45:52 #14 type.registry] 
New type domain.Question

[2022-04-04 17:45:52 #15 type] 
Type domain.Question is not enhanced.

[2022-04-04 17:45:52 #16 type.registry] 
New type domain.Event

[2022-04-04 17:45:52 #17 type] 
Type domain.Event is not enhanced.

[2022-04-04 17:45:52 #18 type.registry] 
New type java.util.Vector<domain.Question>

[2022-04-04 17:45:52 #19 type.registry] 
New type java.util.ArrayList<java.lang.Object>

[2022-04-04 17:45:52 #20 type.registry] 
New type java.util.Vector<java.lang.Object>

------------------------------------------------------------------------------------------------------------------------

[2022-04-04 19:35:36 #1 store] 
Database 'C:\Users\aitor\Desktop\Clase\2\2-2\SI\SI_workspace\Bets21.zip_expanded\Bets21\src\main\resources\bets.temp' is opened by 7940@LAPTOP-209ORI61

[2022-04-04 19:35:37 #2 type.registry] 
New type domain.User

[2022-04-04 19:35:37 #3 type.registry] 
New type domain.NotAdmin

[2022-04-04 19:35:37 #4 type] 
Type domain.User is not enhanced.

[2022-04-04 19:35:37 #5 type] 
Type domain.NotAdmin is not enhanced.

[2022-04-04 19:35:37 #6 type.registry] 
New type domain.Bet

[2022-04-04 19:35:37 #7 type.registry] 
New type java.util.ArrayList<domain.Bet>

[2022-04-04 19:35:37 #8 type.registry] 
New type domain.Movement

[2022-04-04 19:35:37 #9 type.registry] 
New type java.util.ArrayList<domain.Movement>

[2022-04-04 19:35:37 #10 type] 
Type domain.Bet is not enhanced.

[2022-04-04 19:35:37 #11 type] 
Type domain.Movement is not enhanced.

[2022-04-04 19:35:37 #12 type.registry] 
New type domain.Admin

[2022-04-04 19:35:37 #13 type] 
Type domain.Admin is not enhanced.

[2022-04-04 19:35:37 #14 type.registry] 
New type domain.Question

[2022-04-04 19:35:37 #15 type] 
Type domain.Question is not enhanced.

[2022-04-04 19:35:37 #16 type.registry] 
New type domain.Event

[2022-04-04 19:35:37 #17 type] 
Type domain.Event is not enhanced.

[2022-04-04 19:35:37 #18 type.registry] 
New type java.util.Vector<domain.Question>

[2022-04-04 19:35:37 #19 type.registry] 
New type java.util.ArrayList<java.lang.Object>

[2022-04-04 19:35:37 #20 type.registry] 
New type java.util.Vector<java.lang.Object>

------------------------------------------------------------------------------------------------------------------------

[2022-04-04 19:37:37 #1 store] 
Database 'C:\Users\aitor\Desktop\Clase\2\2-2\SI\SI_workspace\Bets21.zip_expanded\Bets21\src\main\resources\bets.temp' is opened by 7180@LAPTOP-209ORI61

[2022-04-04 19:37:37 #2 type] 
Type domain.User is not enhanced.

[2022-04-04 19:37:37 #3 type] 
Type domain.NotAdmin is not enhanced.

[2022-04-04 19:37:37 #4 type] 
Type domain.Bet is not enhanced.

[2022-04-04 19:37:37 #5 type] 
Type domain.Movement is not enhanced.

[2022-04-04 19:37:37 #6 type] 
Type domain.Admin is not enhanced.

[2022-04-04 19:37:37 #7 type] 
Type domain.Question is not enhanced.

[2022-04-04 19:37:37 #8 type] 
Type domain.Event is not enhanced.

------------------------------------------------------------------------------------------------------------------------

[2022-04-04 19:49:13 #1 store] 
Database 'C:\Users\aitor\Desktop\Clase\2\2-2\SI\SI_workspace\Bets21.zip_expanded\Bets21\src\main\resources\bets.temp' is opened by 15544@LAPTOP-209ORI61

[2022-04-04 19:49:13 #2 type] 
Type domain.User is not enhanced.

[2022-04-04 19:49:13 #3 type] 
Type domain.NotAdmin is not enhanced.

[2022-04-04 19:49:13 #4 type] 
Type domain.Bet is not enhanced.

[2022-04-04 19:49:13 #5 type] 
Type domain.Movement is not enhanced.

[2022-04-04 19:49:13 #6 type] 
Type domain.Admin is not enhanced.

[2022-04-04 19:49:13 #7 type] 
Type domain.Question is not enhanced.

[2022-04-04 19:49:13 #8 type] 
Type domain.Event is not enhanced.

------------------------------------------------------------------------------------------------------------------------

[2022-04-04 19:59:37 #1 store] 
Database 'C:\Users\aitor\Desktop\Clase\2\2-2\SI\SI_workspace\Bets21.zip_expanded\Bets21\src\main\resources\bets.temp' is opened by 12768@LAPTOP-209ORI61

[2022-04-04 19:59:38 #2 type] 
Type domain.User is not enhanced.

[2022-04-04 19:59:38 #3 type] 
Type domain.NotAdmin is not enhanced.

[2022-04-04 19:59:38 #4 type] 
Type domain.Bet is not enhanced.

[2022-04-04 19:59:38 #5 type] 
Type domain.Movement is not enhanced.

[2022-04-04 19:59:38 #6 type] 
Type domain.Admin is not enhanced.

[2022-04-04 19:59:38 #7 type] 
Type domain.Question is not enhanced.

[2022-04-04 19:59:38 #8 type] 
Type domain.Event is not enhanced.

------------------------------------------------------------------------------------------------------------------------

[2022-04-04 20:53:15 #1 store] 
Database 'C:\Users\aitor\Desktop\Clase\2\2-2\SI\SI_workspace\Bets21.zip_expanded\Bets21\src\main\resources\bets.temp' is opened by 3572@LAPTOP-209ORI61

[2022-04-04 20:53:15 #2 type] 
Type domain.User is not enhanced.

[2022-04-04 20:53:15 #3 type] 
Type domain.NotAdmin is not enhanced.

[2022-04-04 20:53:15 #4 type] 
Type domain.Bet is not enhanced.

[2022-04-04 20:53:15 #5 type] 
Type domain.Movement is not enhanced.

[2022-04-04 20:53:15 #6 type] 
Type domain.Admin is not enhanced.

[2022-04-04 20:53:15 #7 type] 
Type domain.Question is not enhanced.

[2022-04-04 20:53:15 #8 type] 
Type domain.Event is not enhanced.

------------------------------------------------------------------------------------------------------------------------

[2022-04-04 21:00:11 #1 store] 
Database 'C:\Users\aitor\Desktop\Clase\2\2-2\SI\SI_workspace\Bets21.zip_expanded\Bets21\src\main\resources\bets.temp' is opened by 11112@LAPTOP-209ORI61

[2022-04-04 21:00:11 #2 type] 
Type domain.User is not enhanced.

[2022-04-04 21:00:11 #3 type] 
Type domain.NotAdmin is not enhanced.

[2022-04-04 21:00:11 #4 type] 
Type domain.Bet is not enhanced.

[2022-04-04 21:00:11 #5 type] 
Type domain.Movement is not enhanced.

[2022-04-04 21:00:11 #6 type] 
Type domain.Admin is not enhanced.

[2022-04-04 21:00:11 #7 type] 
Type domain.Question is not enhanced.

[2022-04-04 21:00:11 #8 type] 
Type domain.Event is not enhanced.

------------------------------------------------------------------------------------------------------------------------

[2022-04-04 21:03:54 #1 store] 
Database 'C:\Users\aitor\Desktop\Clase\2\2-2\SI\SI_workspace\Bets21.zip_expanded\Bets21\src\main\resources\bets.temp' is opened by 9776@LAPTOP-209ORI61

[2022-04-04 21:03:54 #2 type] 
Type domain.User is not enhanced.

[2022-04-04 21:03:54 #3 type] 
Type domain.NotAdmin is not enhanced.

[2022-04-04 21:03:54 #4 type] 
Type domain.Bet is not enhanced.

[2022-04-04 21:03:54 #5 type] 
Type domain.Movement is not enhanced.

[2022-04-04 21:03:54 #6 type] 
Type domain.Admin is not enhanced.

[2022-04-04 21:03:54 #7 type] 
Type domain.Question is not enhanced.

[2022-04-04 21:03:54 #8 type] 
Type domain.Event is not enhanced.

------------------------------------------------------------------------------------------------------------------------

[2022-04-04 21:07:00 #1 store] 
Database 'C:\Users\aitor\Desktop\Clase\2\2-2\SI\SI_workspace\Bets21.zip_expanded\Bets21\src\main\resources\bets.temp' is opened by 6032@LAPTOP-209ORI61

[2022-04-04 21:07:01 #2 type] 
Type domain.User is not enhanced.

[2022-04-04 21:07:01 #3 type] 
Type domain.NotAdmin is not enhanced.

[2022-04-04 21:07:01 #4 type] 
Type domain.Bet is not enhanced.

[2022-04-04 21:07:01 #5 type] 
Type domain.Movement is not enhanced.

[2022-04-04 21:07:01 #6 type] 
Type domain.Admin is not enhanced.

[2022-04-04 21:07:01 #7 type] 
Type domain.Question is not enhanced.

[2022-04-04 21:07:01 #8 type] 
Type domain.Event is not enhanced.

------------------------------------------------------------------------------------------------------------------------

[2022-04-04 21:09:13 #1 store] 
Database 'C:\Users\aitor\Desktop\Clase\2\2-2\SI\SI_workspace\Bets21.zip_expanded\Bets21\src\main\resources\bets.temp' is opened by 9328@LAPTOP-209ORI61

[2022-04-04 21:09:13 #2 type] 
Type domain.User is not enhanced.

[2022-04-04 21:09:13 #3 type] 
Type domain.NotAdmin is not enhanced.

[2022-04-04 21:09:13 #4 type] 
Type domain.Bet is not enhanced.

[2022-04-04 21:09:13 #5 type] 
Type domain.Movement is not enhanced.

[2022-04-04 21:09:13 #6 type] 
Type domain.Admin is not enhanced.

[2022-04-04 21:09:13 #7 type] 
Type domain.Question is not enhanced.

[2022-04-04 21:09:13 #8 type] 
Type domain.Event is not enhanced.

------------------------------------------------------------------------------------------------------------------------

[2022-04-04 21:11:52 #1 store] 
Database 'C:\Users\aitor\Desktop\Clase\2\2-2\SI\SI_workspace\Bets21.zip_expanded\Bets21\src\main\resources\bets.temp' is opened by 11256@LAPTOP-209ORI61

[2022-04-04 21:11:52 #2 type.registry] 
New type domain.User

[2022-04-04 21:11:52 #3 type.registry] 
New type domain.NotAdmin

[2022-04-04 21:11:52 #4 type] 
Type domain.User is not enhanced.

[2022-04-04 21:11:52 #5 type] 
Type domain.NotAdmin is not enhanced.

[2022-04-04 21:11:52 #6 type.registry] 
New type domain.Bet

[2022-04-04 21:11:52 #7 type.registry] 
New type java.util.ArrayList<domain.Bet>

[2022-04-04 21:11:52 #8 type.registry] 
New type domain.Movement

[2022-04-04 21:11:52 #9 type.registry] 
New type java.util.ArrayList<domain.Movement>

[2022-04-04 21:11:52 #10 type] 
Type domain.Bet is not enhanced.

[2022-04-04 21:11:52 #11 type] 
Type domain.Movement is not enhanced.

[2022-04-04 21:11:52 #12 type.registry] 
New type domain.Admin

[2022-04-04 21:11:52 #13 type] 
Type domain.Admin is not enhanced.

[2022-04-04 21:11:52 #14 type.registry] 
New type domain.Question

[2022-04-04 21:11:52 #15 type] 
Type domain.Question is not enhanced.

[2022-04-04 21:11:52 #16 type.registry] 
New type domain.Event

[2022-04-04 21:11:52 #17 type] 
Type domain.Event is not enhanced.

[2022-04-04 21:11:52 #18 type.registry] 
New type java.util.Vector<domain.Question>

[2022-04-04 21:11:52 #19 type.registry] 
New type java.util.ArrayList<java.lang.Object>

[2022-04-04 21:11:53 #20 type.registry] 
New type java.util.Vector<java.lang.Object>

------------------------------------------------------------------------------------------------------------------------

[2022-04-04 21:16:34 #1 store] 
Database 'C:\Users\aitor\Desktop\Clase\2\2-2\SI\SI_workspace\Bets21.zip_expanded\Bets21\src\main\resources\bets.temp' has been recovered (tr. 1-11)

[2022-04-04 21:16:34 #2 store] 
Database 'C:\Users\aitor\Desktop\Clase\2\2-2\SI\SI_workspace\Bets21.zip_expanded\Bets21\src\main\resources\bets.temp' is opened by 11124@LAPTOP-209ORI61

[2022-04-04 21:16:34 #3 type] 
Type domain.User is not enhanced.

[2022-04-04 21:16:34 #4 type] 
Type domain.NotAdmin is not enhanced.

[2022-04-04 21:16:34 #5 type] 
Type domain.Bet is not enhanced.

[2022-04-04 21:16:34 #6 type] 
Type domain.Movement is not enhanced.

[2022-04-04 21:16:34 #7 type] 
Type domain.Admin is not enhanced.

[2022-04-04 21:16:34 #8 type] 
Type domain.Question is not enhanced.

[2022-04-04 21:16:34 #9 type] 
Type domain.Event is not enhanced.

------------------------------------------------------------------------------------------------------------------------

[2022-04-04 21:30:46 #1 store] 
Database 'C:\Users\aitor\Desktop\Clase\2\2-2\SI\SI_workspace\Bets21.zip_expanded\Bets21\src\main\resources\bets.temp' has been recovered (tr. 13-14)

[2022-04-04 21:30:47 #2 store] 
Database 'C:\Users\aitor\Desktop\Clase\2\2-2\SI\SI_workspace\Bets21.zip_expanded\Bets21\src\main\resources\bets.temp' is opened by 9260@LAPTOP-209ORI61

[2022-04-04 21:30:47 #3 type] 
Type domain.User is not enhanced.

[2022-04-04 21:30:47 #4 type] 
Type domain.NotAdmin is not enhanced.

[2022-04-04 21:30:47 #5 type] 
Type domain.Bet is not enhanced.

[2022-04-04 21:30:47 #6 type] 
Type domain.Movement is not enhanced.

[2022-04-04 21:30:47 #7 type] 
Type domain.Admin is not enhanced.

[2022-04-04 21:30:47 #8 type] 
Type domain.Question is not enhanced.

[2022-04-04 21:30:47 #9 type] 
Type domain.Event is not enhanced.

------------------------------------------------------------------------------------------------------------------------

[2022-04-04 21:36:40 #1 store] 
Database 'C:\Users\aitor\Desktop\Clase\2\2-2\SI\SI_workspace\Bets21.zip_expanded\Bets21\src\main\resources\bets.temp' has been recovered (tr. 16-31)

[2022-04-04 21:36:40 #2 store] 
Database 'C:\Users\aitor\Desktop\Clase\2\2-2\SI\SI_workspace\Bets21.zip_expanded\Bets21\src\main\resources\bets.temp' is opened by 10524@LAPTOP-209ORI61

[2022-04-04 21:36:40 #3 type] 
Type domain.User is not enhanced.

[2022-04-04 21:36:40 #4 type] 
Type domain.NotAdmin is not enhanced.

[2022-04-04 21:36:40 #5 type] 
Type domain.Bet is not enhanced.

[2022-04-04 21:36:40 #6 type] 
Type domain.Movement is not enhanced.

[2022-04-04 21:36:40 #7 type] 
Type domain.Admin is not enhanced.

[2022-04-04 21:36:40 #8 type] 
Type domain.Question is not enhanced.

[2022-04-04 21:36:40 #9 type] 
Type domain.Event is not enhanced.

------------------------------------------------------------------------------------------------------------------------

[2022-04-04 21:38:57 #1 store] 
Database 'C:\Users\aitor\Desktop\Clase\2\2-2\SI\SI_workspace\Bets21.zip_expanded\Bets21\src\main\resources\bets.temp' is opened by 15036@LAPTOP-209ORI61

[2022-04-04 21:38:58 #2 type] 
Type domain.User is not enhanced.

[2022-04-04 21:38:58 #3 type] 
Type domain.NotAdmin is not enhanced.

[2022-04-04 21:38:58 #4 type] 
Type domain.Bet is not enhanced.

[2022-04-04 21:38:58 #5 type] 
Type domain.Movement is not enhanced.

[2022-04-04 21:38:58 #6 type] 
Type domain.Admin is not enhanced.

[2022-04-04 21:38:58 #7 type] 
Type domain.Question is not enhanced.

[2022-04-04 21:38:58 #8 type] 
Type domain.Event is not enhanced.

------------------------------------------------------------------------------------------------------------------------

[2022-04-04 21:39:24 #1 store] 
Database 'C:\Users\aitor\Desktop\Clase\2\2-2\SI\SI_workspace\Bets21.zip_expanded\Bets21\src\main\resources\bets.temp' is opened by 5440@LAPTOP-209ORI61

[2022-04-04 21:39:24 #2 type] 
Type domain.User is not enhanced.

[2022-04-04 21:39:24 #3 type] 
Type domain.NotAdmin is not enhanced.

[2022-04-04 21:39:24 #4 type] 
Type domain.Bet is not enhanced.

[2022-04-04 21:39:24 #5 type] 
Type domain.Movement is not enhanced.

[2022-04-04 21:39:24 #6 type] 
Type domain.Admin is not enhanced.

[2022-04-04 21:39:24 #7 type] 
Type domain.Question is not enhanced.

[2022-04-04 21:39:24 #8 type] 
Type domain.Event is not enhanced.

------------------------------------------------------------------------------------------------------------------------

[2022-04-04 21:41:12 #1 store] 
Database 'C:\Users\aitor\Desktop\Clase\2\2-2\SI\SI_workspace\Bets21.zip_expanded\Bets21\src\main\resources\bets.temp' is opened by 8520@LAPTOP-209ORI61

[2022-04-04 21:41:12 #2 type] 
Type domain.User is not enhanced.

[2022-04-04 21:41:12 #3 type] 
Type domain.NotAdmin is not enhanced.

[2022-04-04 21:41:12 #4 type] 
Type domain.Bet is not enhanced.

[2022-04-04 21:41:12 #5 type] 
Type domain.Movement is not enhanced.

[2022-04-04 21:41:12 #6 type] 
Type domain.Admin is not enhanced.

[2022-04-04 21:41:13 #7 type] 
Type domain.Question is not enhanced.

[2022-04-04 21:41:13 #8 type] 
Type domain.Event is not enhanced.

------------------------------------------------------------------------------------------------------------------------

[2022-04-04 21:42:44 #1 store] 
Database 'C:\Users\aitor\Desktop\Clase\2\2-2\SI\SI_workspace\Bets21.zip_expanded\Bets21\src\main\resources\bets.temp' is opened by 8924@LAPTOP-209ORI61

[2022-04-04 21:42:44 #2 type] 
Type domain.User is not enhanced.

[2022-04-04 21:42:44 #3 type] 
Type domain.NotAdmin is not enhanced.

[2022-04-04 21:42:44 #4 type] 
Type domain.Bet is not enhanced.

[2022-04-04 21:42:44 #5 type] 
Type domain.Movement is not enhanced.

[2022-04-04 21:42:44 #6 type] 
Type domain.Admin is not enhanced.

[2022-04-04 21:42:44 #7 type] 
Type domain.Question is not enhanced.

[2022-04-04 21:42:44 #8 type] 
Type domain.Event is not enhanced.

------------------------------------------------------------------------------------------------------------------------

[2022-04-04 21:44:33 #1 store] 
Database 'C:\Users\aitor\Desktop\Clase\2\2-2\SI\SI_workspace\Bets21.zip_expanded\Bets21\src\main\resources\bets.temp' is opened by 2916@LAPTOP-209ORI61

[2022-04-04 21:44:33 #2 type] 
Type domain.User is not enhanced.

[2022-04-04 21:44:33 #3 type] 
Type domain.NotAdmin is not enhanced.

[2022-04-04 21:44:33 #4 type] 
Type domain.Bet is not enhanced.

[2022-04-04 21:44:33 #5 type] 
Type domain.Movement is not enhanced.

[2022-04-04 21:44:33 #6 type] 
Type domain.Admin is not enhanced.

[2022-04-04 21:44:33 #7 type] 
Type domain.Question is not enhanced.

[2022-04-04 21:44:33 #8 type] 
Type domain.Event is not enhanced.

------------------------------------------------------------------------------------------------------------------------

[2022-04-04 21:46:08 #1 store] 
Database 'C:\Users\aitor\Desktop\Clase\2\2-2\SI\SI_workspace\Bets21.zip_expanded\Bets21\src\main\resources\bets.temp' is opened by 1472@LAPTOP-209ORI61

[2022-04-04 21:46:09 #2 type] 
Type domain.User is not enhanced.

[2022-04-04 21:46:09 #3 type] 
Type domain.NotAdmin is not enhanced.

[2022-04-04 21:46:09 #4 type] 
Type domain.Bet is not enhanced.

[2022-04-04 21:46:09 #5 type] 
Type domain.Movement is not enhanced.

[2022-04-04 21:46:09 #6 type] 
Type domain.Admin is not enhanced.

[2022-04-04 21:46:09 #7 type] 
Type domain.Question is not enhanced.

[2022-04-04 21:46:09 #8 type] 
Type domain.Event is not enhanced.

------------------------------------------------------------------------------------------------------------------------

[2022-04-04 21:48:53 #1 store] 
Database 'C:\Users\aitor\Desktop\Clase\2\2-2\SI\SI_workspace\Bets21.zip_expanded\Bets21\src\main\resources\bets.temp' is opened by 1968@LAPTOP-209ORI61

[2022-04-04 21:48:53 #2 type] 
Type domain.User is not enhanced.

[2022-04-04 21:48:53 #3 type] 
Type domain.NotAdmin is not enhanced.

[2022-04-04 21:48:53 #4 type] 
Type domain.Bet is not enhanced.

[2022-04-04 21:48:53 #5 type] 
Type domain.Movement is not enhanced.

[2022-04-04 21:48:53 #6 type] 
Type domain.Admin is not enhanced.

[2022-04-04 21:48:53 #7 type] 
Type domain.Question is not enhanced.

[2022-04-04 21:48:53 #8 type] 
Type domain.Event is not enhanced.

------------------------------------------------------------------------------------------------------------------------

[2022-04-04 21:53:37 #1 store] 
Database 'C:\Users\aitor\Desktop\Clase\2\2-2\SI\SI_workspace\Bets21.zip_expanded\Bets21\src\main\resources\bets.temp' is opened by 5308@LAPTOP-209ORI61

[2022-04-04 21:53:37 #2 type] 
Type domain.User is not enhanced.

[2022-04-04 21:53:37 #3 type] 
Type domain.NotAdmin is not enhanced.

[2022-04-04 21:53:37 #4 type] 
Type domain.Bet is not enhanced.

[2022-04-04 21:53:37 #5 type] 
Type domain.Movement is not enhanced.

[2022-04-04 21:53:37 #6 type] 
Type domain.Admin is not enhanced.

[2022-04-04 21:53:38 #7 type] 
Type domain.Question is not enhanced.

[2022-04-04 21:53:38 #8 type] 
Type domain.Event is not enhanced.

------------------------------------------------------------------------------------------------------------------------

[2022-04-04 21:57:10 #1 store] 
Database 'C:\Users\aitor\Desktop\Clase\2\2-2\SI\SI_workspace\Bets21.zip_expanded\Bets21\src\main\resources\bets.temp' is opened by 11740@LAPTOP-209ORI61

[2022-04-04 21:57:10 #2 type] 
Type domain.User is not enhanced.

[2022-04-04 21:57:10 #3 type] 
Type domain.NotAdmin is not enhanced.

[2022-04-04 21:57:10 #4 type] 
Type domain.Bet is not enhanced.

[2022-04-04 21:57:10 #5 type] 
Type domain.Movement is not enhanced.

[2022-04-04 21:57:10 #6 type] 
Type domain.Admin is not enhanced.

[2022-04-04 21:57:10 #7 type] 
Type domain.Question is not enhanced.

[2022-04-04 21:57:10 #8 type] 
Type domain.Event is not enhanced.

------------------------------------------------------------------------------------------------------------------------

[2022-04-04 21:59:53 #1 store] 
Database 'C:\Users\aitor\Desktop\Clase\2\2-2\SI\SI_workspace\Bets21.zip_expanded\Bets21\src\main\resources\bets.temp' is opened by 1668@LAPTOP-209ORI61

[2022-04-04 21:59:53 #2 type] 
Type domain.User is not enhanced.

[2022-04-04 21:59:53 #3 type] 
Type domain.NotAdmin is not enhanced.

[2022-04-04 21:59:53 #4 type] 
Type domain.Bet is not enhanced.

[2022-04-04 21:59:53 #5 type] 
Type domain.Movement is not enhanced.

[2022-04-04 21:59:53 #6 type] 
Type domain.Admin is not enhanced.

[2022-04-04 21:59:53 #7 type] 
Type domain.Question is not enhanced.

[2022-04-04 21:59:53 #8 type] 
Type domain.Event is not enhanced.

------------------------------------------------------------------------------------------------------------------------

[2022-04-04 22:00:43 #1 store] 
Database 'C:\Users\aitor\Desktop\Clase\2\2-2\SI\SI_workspace\Bets21.zip_expanded\Bets21\src\main\resources\bets.temp' is opened by 880@LAPTOP-209ORI61

[2022-04-04 22:00:43 #2 type] 
Type domain.User is not enhanced.

[2022-04-04 22:00:43 #3 type] 
Type domain.NotAdmin is not enhanced.

[2022-04-04 22:00:43 #4 type] 
Type domain.Bet is not enhanced.

[2022-04-04 22:00:43 #5 type] 
Type domain.Movement is not enhanced.

[2022-04-04 22:00:43 #6 type] 
Type domain.Admin is not enhanced.

[2022-04-04 22:00:43 #7 type] 
Type domain.Question is not enhanced.

[2022-04-04 22:00:43 #8 type] 
Type domain.Event is not enhanced.

------------------------------------------------------------------------------------------------------------------------

[2022-04-04 22:04:54 #1 store] 
Database 'C:\Users\aitor\Desktop\Clase\2\2-2\SI\SI_workspace\Bets21.zip_expanded\Bets21\src\main\resources\bets.temp' has been recovered (tr. 33-35)

[2022-04-04 22:04:54 #2 store] 
Database 'C:\Users\aitor\Desktop\Clase\2\2-2\SI\SI_workspace\Bets21.zip_expanded\Bets21\src\main\resources\bets.temp' is opened by 16264@LAPTOP-209ORI61

[2022-04-04 22:04:54 #3 type] 
Type domain.User is not enhanced.

[2022-04-04 22:04:54 #4 type] 
Type domain.NotAdmin is not enhanced.

[2022-04-04 22:04:54 #5 type] 
Type domain.Bet is not enhanced.

[2022-04-04 22:04:54 #6 type] 
Type domain.Movement is not enhanced.

[2022-04-04 22:04:54 #7 type] 
Type domain.Admin is not enhanced.

[2022-04-04 22:04:54 #8 type] 
Type domain.Question is not enhanced.

[2022-04-04 22:04:54 #9 type] 
Type domain.Event is not enhanced.

------------------------------------------------------------------------------------------------------------------------

[2022-04-04 22:05:48 #1 store] 
Database 'C:\Users\aitor\Desktop\Clase\2\2-2\SI\SI_workspace\Bets21.zip_expanded\Bets21\src\main\resources\bets.temp' is opened by 10264@LAPTOP-209ORI61

[2022-04-04 22:05:49 #2 type] 
Type domain.User is not enhanced.

[2022-04-04 22:05:49 #3 type] 
Type domain.NotAdmin is not enhanced.

[2022-04-04 22:05:49 #4 type] 
Type domain.Bet is not enhanced.

[2022-04-04 22:05:49 #5 type] 
Type domain.Movement is not enhanced.

[2022-04-04 22:05:49 #6 type] 
Type domain.Admin is not enhanced.

[2022-04-04 22:05:49 #7 type] 
Type domain.Question is not enhanced.

[2022-04-04 22:05:49 #8 type] 
Type domain.Event is not enhanced.

------------------------------------------------------------------------------------------------------------------------

[2022-04-04 23:08:43 #1 store] 
Database 'C:\Users\aitor\Desktop\Clase\2\2-2\SI\SI_workspace\Bets21.zip_expanded\Bets21\src\main\resources\bets.temp' is opened by 10572@LAPTOP-209ORI61

[2022-04-04 23:08:43 #2 type] 
Type domain.User is not enhanced.

[2022-04-04 23:08:43 #3 type] 
Type domain.NotAdmin is not enhanced.

[2022-04-04 23:08:43 #4 type] 
Type domain.Bet is not enhanced.

[2022-04-04 23:08:43 #5 type] 
Type domain.Movement is not enhanced.

[2022-04-04 23:08:43 #6 type] 
Type domain.Admin is not enhanced.

[2022-04-04 23:08:43 #7 type] 
Type domain.Question is not enhanced.

[2022-04-04 23:08:43 #8 type.registry] 
New type domain.Quote

[2022-04-04 23:08:43 #9 type] 
Type domain.Event is not enhanced.

[2022-04-04 23:08:43 #10 type] 
Type domain.Quote is not enhanced.

------------------------------------------------------------------------------------------------------------------------

[2022-04-04 23:10:55 #1 store] 
Database 'C:\Users\aitor\Desktop\Clase\2\2-2\SI\SI_workspace\Bets21.zip_expanded\Bets21\src\main\resources\bets.temp' has been recovered (tr. 36-36)

[2022-04-04 23:10:55 #2 store] 
Database 'C:\Users\aitor\Desktop\Clase\2\2-2\SI\SI_workspace\Bets21.zip_expanded\Bets21\src\main\resources\bets.temp' is opened by 14760@LAPTOP-209ORI61

[2022-04-04 23:10:55 #3 type] 
Type domain.User is not enhanced.

[2022-04-04 23:10:55 #4 type] 
Type domain.NotAdmin is not enhanced.

[2022-04-04 23:10:55 #5 type] 
Type domain.Bet is not enhanced.

[2022-04-04 23:10:55 #6 type] 
Type domain.Movement is not enhanced.

[2022-04-04 23:10:55 #7 type] 
Type domain.Admin is not enhanced.

[2022-04-04 23:10:56 #8 type] 
Type domain.Question is not enhanced.

[2022-04-04 23:10:56 #9 type] 
Type domain.Event is not enhanced.

[2022-04-04 23:10:56 #10 type] 
Type domain.Quote is not enhanced.

------------------------------------------------------------------------------------------------------------------------

[2022-04-04 23:14:46 #1 store] 
Database 'C:\Users\aitor\Desktop\Clase\2\2-2\SI\SI_workspace\Bets21.zip_expanded\Bets21\src\main\resources\bets.temp' is opened by 15192@LAPTOP-209ORI61

[2022-04-04 23:14:47 #2 type] 
Type domain.User is not enhanced.

[2022-04-04 23:14:47 #3 type] 
Type domain.NotAdmin is not enhanced.

[2022-04-04 23:14:47 #4 type] 
Type domain.Bet is not enhanced.

[2022-04-04 23:14:47 #5 type] 
Type domain.Movement is not enhanced.

[2022-04-04 23:14:47 #6 type] 
Type domain.Admin is not enhanced.

[2022-04-04 23:14:47 #7 type] 
Type domain.Question is not enhanced.

[2022-04-04 23:14:47 #8 type] 
Type domain.Event is not enhanced.

[2022-04-04 23:14:47 #9 type] 
Type domain.Quote is not enhanced.

------------------------------------------------------------------------------------------------------------------------

[2022-04-04 23:15:35 #1 store] 
Database 'C:\Users\aitor\Desktop\Clase\2\2-2\SI\SI_workspace\Bets21.zip_expanded\Bets21\src\main\resources\bets.temp' is opened by 8296@LAPTOP-209ORI61

[2022-04-04 23:15:35 #2 type] 
Type domain.User is not enhanced.

[2022-04-04 23:15:35 #3 type] 
Type domain.NotAdmin is not enhanced.

[2022-04-04 23:15:35 #4 type] 
Type domain.Bet is not enhanced.

[2022-04-04 23:15:35 #5 type] 
Type domain.Movement is not enhanced.

[2022-04-04 23:15:35 #6 type] 
Type domain.Admin is not enhanced.

[2022-04-04 23:15:35 #7 type] 
Type domain.Question is not enhanced.

[2022-04-04 23:15:35 #8 type] 
Type domain.Event is not enhanced.

[2022-04-04 23:15:35 #9 type] 
Type domain.Quote is not enhanced.

------------------------------------------------------------------------------------------------------------------------

[2022-04-04 23:16:29 #1 store] 
Database 'C:\Users\aitor\Desktop\Clase\2\2-2\SI\SI_workspace\Bets21.zip_expanded\Bets21\src\main\resources\bets.temp' is opened by 9176@LAPTOP-209ORI61

[2022-04-04 23:16:30 #2 type] 
Type domain.User is not enhanced.

[2022-04-04 23:16:30 #3 type] 
Type domain.NotAdmin is not enhanced.

[2022-04-04 23:16:30 #4 type] 
Type domain.Bet is not enhanced.

[2022-04-04 23:16:30 #5 type] 
Type domain.Movement is not enhanced.

[2022-04-04 23:16:30 #6 type] 
Type domain.Admin is not enhanced.

[2022-04-04 23:16:30 #7 type] 
Type domain.Question is not enhanced.

[2022-04-04 23:16:30 #8 type] 
Type domain.Event is not enhanced.

[2022-04-04 23:16:30 #9 type] 
Type domain.Quote is not enhanced.

------------------------------------------------------------------------------------------------------------------------

[2022-04-04 23:17:15 #1 store] 
Database 'C:\Users\aitor\Desktop\Clase\2\2-2\SI\SI_workspace\Bets21.zip_expanded\Bets21\src\main\resources\bets.temp' is opened by 14996@LAPTOP-209ORI61

[2022-04-04 23:17:16 #2 type] 
Type domain.User is not enhanced.

[2022-04-04 23:17:16 #3 type] 
Type domain.NotAdmin is not enhanced.

[2022-04-04 23:17:16 #4 type] 
Type domain.Bet is not enhanced.

[2022-04-04 23:17:16 #5 type] 
Type domain.Movement is not enhanced.

[2022-04-04 23:17:16 #6 type] 
Type domain.Admin is not enhanced.

[2022-04-04 23:17:16 #7 type] 
Type domain.Question is not enhanced.

[2022-04-04 23:17:16 #8 type] 
Type domain.Event is not enhanced.

[2022-04-04 23:17:16 #9 type] 
Type domain.Quote is not enhanced.

------------------------------------------------------------------------------------------------------------------------

[2022-04-04 23:19:14 #1 store] 
Database 'C:\Users\aitor\Desktop\Clase\2\2-2\SI\SI_workspace\Bets21.zip_expanded\Bets21\src\main\resources\bets.temp' is opened by 14132@LAPTOP-209ORI61

[2022-04-04 23:19:14 #2 type] 
Type domain.User is not enhanced.

[2022-04-04 23:19:14 #3 type] 
Type domain.NotAdmin is not enhanced.

[2022-04-04 23:19:14 #4 type] 
Type domain.Bet is not enhanced.

[2022-04-04 23:19:14 #5 type] 
Type domain.Movement is not enhanced.

[2022-04-04 23:19:14 #6 type] 
Type domain.Admin is not enhanced.

[2022-04-04 23:19:14 #7 type] 
Type domain.Question is not enhanced.

[2022-04-04 23:19:14 #8 type] 
Type domain.Event is not enhanced.

[2022-04-04 23:19:14 #9 type] 
Type domain.Quote is not enhanced.

------------------------------------------------------------------------------------------------------------------------

[2022-04-04 23:20:07 #1 store] 
Database 'C:\Users\aitor\Desktop\Clase\2\2-2\SI\SI_workspace\Bets21.zip_expanded\Bets21\src\main\resources\bets.temp' is opened by 14540@LAPTOP-209ORI61

[2022-04-04 23:20:07 #2 type] 
Type domain.User is not enhanced.

[2022-04-04 23:20:08 #3 type] 
Type domain.NotAdmin is not enhanced.

[2022-04-04 23:20:08 #4 type] 
Type domain.Bet is not enhanced.

[2022-04-04 23:20:08 #5 type] 
Type domain.Movement is not enhanced.

[2022-04-04 23:20:08 #6 type] 
Type domain.Admin is not enhanced.

[2022-04-04 23:20:08 #7 type] 
Type domain.Question is not enhanced.

[2022-04-04 23:20:08 #8 type] 
Type domain.Event is not enhanced.

[2022-04-04 23:20:08 #9 type] 
Type domain.Quote is not enhanced.

------------------------------------------------------------------------------------------------------------------------

[2022-04-04 23:23:49 #1 store] 
Database 'C:\Users\aitor\Desktop\Clase\2\2-2\SI\SI_workspace\Bets21.zip_expanded\Bets21\src\main\resources\bets.temp' is opened by 8868@LAPTOP-209ORI61

[2022-04-04 23:23:49 #2 type] 
Type domain.User is not enhanced.

[2022-04-04 23:23:49 #3 type] 
Type domain.NotAdmin is not enhanced.

[2022-04-04 23:23:49 #4 type] 
Type domain.Bet is not enhanced.

[2022-04-04 23:23:49 #5 type] 
Type domain.Movement is not enhanced.

[2022-04-04 23:23:49 #6 type] 
Type domain.Admin is not enhanced.

[2022-04-04 23:23:49 #7 type] 
Type domain.Question is not enhanced.

[2022-04-04 23:23:49 #8 type] 
Type domain.Event is not enhanced.

[2022-04-04 23:23:49 #9 type] 
Type domain.Quote is not enhanced.

------------------------------------------------------------------------------------------------------------------------

[2022-04-04 23:24:18 #1 store] 
Database 'C:\Users\aitor\Desktop\Clase\2\2-2\SI\SI_workspace\Bets21.zip_expanded\Bets21\src\main\resources\bets.temp' is opened by 8392@LAPTOP-209ORI61

[2022-04-04 23:24:18 #2 type] 
Type domain.User is not enhanced.

[2022-04-04 23:24:18 #3 type] 
Type domain.NotAdmin is not enhanced.

[2022-04-04 23:24:18 #4 type] 
Type domain.Bet is not enhanced.

[2022-04-04 23:24:18 #5 type] 
Type domain.Movement is not enhanced.

[2022-04-04 23:24:18 #6 type] 
Type domain.Admin is not enhanced.

[2022-04-04 23:24:18 #7 type] 
Type domain.Question is not enhanced.

[2022-04-04 23:24:18 #8 type] 
Type domain.Event is not enhanced.

[2022-04-04 23:24:18 #9 type] 
Type domain.Quote is not enhanced.

------------------------------------------------------------------------------------------------------------------------

[2022-04-04 23:26:06 #1 store] 
Database 'C:\Users\aitor\Desktop\Clase\2\2-2\SI\SI_workspace\Bets21.zip_expanded\Bets21\src\main\resources\bets.temp' is opened by 11312@LAPTOP-209ORI61

[2022-04-04 23:26:07 #2 type] 
Type domain.User is not enhanced.

[2022-04-04 23:26:07 #3 type] 
Type domain.NotAdmin is not enhanced.

[2022-04-04 23:26:07 #4 type] 
Type domain.Bet is not enhanced.

[2022-04-04 23:26:07 #5 type] 
Type domain.Movement is not enhanced.

[2022-04-04 23:26:07 #6 type] 
Type domain.Admin is not enhanced.

[2022-04-04 23:26:07 #7 type] 
Type domain.Question is not enhanced.

[2022-04-04 23:26:07 #8 type] 
Type domain.Event is not enhanced.

[2022-04-04 23:26:07 #9 type] 
Type domain.Quote is not enhanced.

------------------------------------------------------------------------------------------------------------------------

[2022-04-04 23:30:34 #1 store] 
Database 'C:\Users\aitor\Desktop\Clase\2\2-2\SI\SI_workspace\Bets21.zip_expanded\Bets21\src\main\resources\bets.temp' is opened by 8800@LAPTOP-209ORI61

[2022-04-04 23:30:34 #2 type] 
Type domain.User is not enhanced.

[2022-04-04 23:30:34 #3 type] 
Type domain.NotAdmin is not enhanced.

[2022-04-04 23:30:34 #4 type] 
Type domain.Bet is not enhanced.

[2022-04-04 23:30:34 #5 type] 
Type domain.Movement is not enhanced.

[2022-04-04 23:30:34 #6 type] 
Type domain.Admin is not enhanced.

[2022-04-04 23:30:34 #7 type] 
Type domain.Question is not enhanced.

[2022-04-04 23:30:34 #8 type] 
Type domain.Event is not enhanced.

[2022-04-04 23:30:34 #9 type] 
Type domain.Quote is not enhanced.

------------------------------------------------------------------------------------------------------------------------

[2022-04-04 23:31:03 #1 store] 
Database 'C:\Users\aitor\Desktop\Clase\2\2-2\SI\SI_workspace\Bets21.zip_expanded\Bets21\src\main\resources\bets.temp' has been recovered (tr. 37-37)

[2022-04-04 23:31:03 #2 store] 
Database 'C:\Users\aitor\Desktop\Clase\2\2-2\SI\SI_workspace\Bets21.zip_expanded\Bets21\src\main\resources\bets.temp' is opened by 5420@LAPTOP-209ORI61

[2022-04-04 23:31:04 #3 type] 
Type domain.User is not enhanced.

[2022-04-04 23:31:04 #4 type] 
Type domain.NotAdmin is not enhanced.

[2022-04-04 23:31:04 #5 type] 
Type domain.Bet is not enhanced.

[2022-04-04 23:31:04 #6 type] 
Type domain.Movement is not enhanced.

[2022-04-04 23:31:04 #7 type] 
Type domain.Admin is not enhanced.

[2022-04-04 23:31:04 #8 type] 
Type domain.Question is not enhanced.

[2022-04-04 23:31:04 #9 type] 
Type domain.Event is not enhanced.

[2022-04-04 23:31:04 #10 type] 
Type domain.Quote is not enhanced.

------------------------------------------------------------------------------------------------------------------------

[2022-04-04 23:47:26 #1 store] 
Database 'C:\Users\aitor\Desktop\Clase\2\2-2\SI\SI_workspace\Bets21.zip_expanded\Bets21\src\main\resources\bets.temp' is opened by 9040@LAPTOP-209ORI61

[2022-04-04 23:47:27 #2 type] 
Type domain.User is not enhanced.

[2022-04-04 23:47:27 #3 type] 
Type domain.NotAdmin is not enhanced.

[2022-04-04 23:47:27 #4 type] 
Type domain.Bet is not enhanced.

[2022-04-04 23:47:27 #5 type] 
Type domain.Movement is not enhanced.

[2022-04-04 23:47:27 #6 type] 
Type domain.Admin is not enhanced.

[2022-04-04 23:47:27 #7 type] 
Type domain.Question is not enhanced.

[2022-04-04 23:47:27 #8 type] 
Type domain.Event is not enhanced.

[2022-04-04 23:47:27 #9 type] 
Type domain.Quote is not enhanced.

------------------------------------------------------------------------------------------------------------------------

[2022-04-04 23:50:40 #1 store] 
Database 'C:\Users\aitor\Desktop\Clase\2\2-2\SI\SI_workspace\Bets21.zip_expanded\Bets21\src\main\resources\bets.temp' is opened by 15544@LAPTOP-209ORI61

[2022-04-04 23:50:40 #2 type] 
Type domain.User is not enhanced.

[2022-04-04 23:50:40 #3 type] 
Type domain.NotAdmin is not enhanced.

[2022-04-04 23:50:40 #4 type] 
Type domain.Bet is not enhanced.

[2022-04-04 23:50:40 #5 type] 
Type domain.Movement is not enhanced.

[2022-04-04 23:50:40 #6 type] 
Type domain.Admin is not enhanced.

[2022-04-04 23:50:40 #7 type] 
Type domain.Question is not enhanced.

[2022-04-04 23:50:40 #8 type] 
Type domain.Event is not enhanced.

[2022-04-04 23:50:40 #9 type] 
Type domain.Quote is not enhanced.

------------------------------------------------------------------------------------------------------------------------

[2022-04-04 23:58:44 #1 store] 
Database 'C:\Users\aitor\Desktop\Clase\2\2-2\SI\SI_workspace\Bets21.zip_expanded\Bets21\src\main\resources\bets.temp' is opened by 1708@LAPTOP-209ORI61

[2022-04-04 23:58:44 #2 type] 
Type domain.User is not enhanced.

[2022-04-04 23:58:44 #3 type] 
Type domain.NotAdmin is not enhanced.

[2022-04-04 23:58:44 #4 type] 
Type domain.Bet is not enhanced.

[2022-04-04 23:58:44 #5 type] 
Type domain.Movement is not enhanced.

[2022-04-04 23:58:44 #6 type] 
Type domain.Admin is not enhanced.

[2022-04-04 23:58:44 #7 type] 
Type domain.Question is not enhanced.

[2022-04-04 23:58:44 #8 type] 
Type domain.Event is not enhanced.

[2022-04-04 23:58:44 #9 type] 
Type domain.Quote is not enhanced.

