------------------------------------------------------------------------------------------------------------------------

[2022-03-31 20:11:55 #1 store] 
Database 'C:\Users\aitor\Desktop\Clase\2\2-2\SI\SI_workspace\Bets21.zip_expanded\Bets21\src\main\resources\bets.temp' is opened by 548@LAPTOP-209ORI61

[2022-03-31 20:11:55 #2 type.registry] 
New type domain.User

[2022-03-31 20:11:55 #3 type] 
Type domain.User is not enhanced.

[2022-03-31 20:11:55 #4 type.registry] 
New type domain.Movement

[2022-03-31 20:11:55 #5 type.registry] 
New type java.util.ArrayList<domain.Movement>

[2022-03-31 20:11:55 #6 type] 
Type domain.Movement is not enhanced.

[2022-03-31 20:11:55 #7 type.registry] 
New type domain.Question

[2022-03-31 20:11:55 #8 type] 
Type domain.Question is not enhanced.

[2022-03-31 20:11:55 #9 type.registry] 
New type domain.Event

[2022-03-31 20:11:55 #10 type] 
Type domain.Event is not enhanced.

[2022-03-31 20:11:55 #11 type.registry] 
New type java.util.Vector<domain.Question>

[2022-03-31 20:11:55 #12 type.registry] 
New type java.util.Vector<java.lang.Object>

[2022-03-31 20:11:55 #13 type.registry] 
New type java.util.ArrayList<java.lang.Object>

------------------------------------------------------------------------------------------------------------------------

[2022-03-31 20:22:08 #1 store] 
Database 'C:\Users\aitor\Desktop\Clase\2\2-2\SI\SI_workspace\Bets21.zip_expanded\Bets21\src\main\resources\bets.temp' has been recovered (tr. 1-7)

[2022-03-31 20:22:08 #2 store] 
Database 'C:\Users\aitor\Desktop\Clase\2\2-2\SI\SI_workspace\Bets21.zip_expanded\Bets21\src\main\resources\bets.temp' is opened by 5600@LAPTOP-209ORI61

[2022-03-31 20:22:08 #3 type] 
Type domain.User is not enhanced.

[2022-03-31 20:22:08 #4 type] 
Type domain.Movement is not enhanced.

[2022-03-31 20:22:08 #5 type] 
Type domain.Question is not enhanced.

[2022-03-31 20:22:08 #6 type] 
Type domain.Event is not enhanced.

------------------------------------------------------------------------------------------------------------------------

[2022-03-31 20:23:12 #1 store] 
Database 'C:\Users\aitor\Desktop\Clase\2\2-2\SI\SI_workspace\Bets21.zip_expanded\Bets21\src\main\resources\bets.temp' is opened by 12440@LAPTOP-209ORI61

[2022-03-31 20:23:12 #2 type] 
Type domain.User is not enhanced.

[2022-03-31 20:23:12 #3 type] 
Type domain.Movement is not enhanced.

[2022-03-31 20:23:12 #4 type] 
Type domain.Question is not enhanced.

[2022-03-31 20:23:12 #5 type] 
Type domain.Event is not enhanced.

------------------------------------------------------------------------------------------------------------------------

[2022-03-31 20:25:14 #1 store] 
Database 'C:\Users\aitor\Desktop\Clase\2\2-2\SI\SI_workspace\Bets21.zip_expanded\Bets21\src\main\resources\bets.temp' has been recovered (tr. 10-11)

[2022-03-31 20:25:14 #2 store] 
Database 'C:\Users\aitor\Desktop\Clase\2\2-2\SI\SI_workspace\Bets21.zip_expanded\Bets21\src\main\resources\bets.temp' is opened by 12640@LAPTOP-209ORI61

[2022-03-31 20:25:14 #3 type] 
Type domain.User is not enhanced.

[2022-03-31 20:25:14 #4 type] 
Type domain.Movement is not enhanced.

[2022-03-31 20:25:14 #5 type] 
Type domain.Question is not enhanced.

[2022-03-31 20:25:14 #6 type] 
Type domain.Event is not enhanced.

------------------------------------------------------------------------------------------------------------------------

[2022-03-31 20:57:04 #1 store] 
Database 'C:\Users\aitor\Desktop\Clase\2\2-2\SI\SI_workspace\Bets21.zip_expanded\Bets21\src\main\resources\bets.temp' is opened by 488@LAPTOP-209ORI61

[2022-03-31 20:57:04 #2 type] 
Type domain.User is not enhanced.

[2022-03-31 20:57:04 #3 type] 
Type domain.Movement is not enhanced.

[2022-03-31 20:57:04 #4 type] 
Type domain.Question is not enhanced.

[2022-03-31 20:57:04 #5 type] 
Type domain.Event is not enhanced.

[2022-03-31 20:57:04 #6 type.registry] 
New type domain.NotAdmin

------------------------------------------------------------------------------------------------------------------------

[2022-03-31 20:59:57 #1 store] 
Database 'C:\Users\aitor\Desktop\Clase\2\2-2\SI\SI_workspace\Bets21.zip_expanded\Bets21\src\main\resources\bets.temp' has been recovered (tr. 15-16)

[2022-03-31 20:59:57 #2 store] 
Database 'C:\Users\aitor\Desktop\Clase\2\2-2\SI\SI_workspace\Bets21.zip_expanded\Bets21\src\main\resources\bets.temp' is opened by 15292@LAPTOP-209ORI61

[2022-03-31 20:59:57 #3 type] 
Type domain.User is not enhanced.

[2022-03-31 20:59:57 #4 type] 
Type domain.Movement is not enhanced.

[2022-03-31 20:59:57 #5 type] 
Type domain.Question is not enhanced.

[2022-03-31 20:59:57 #6 type] 
Type domain.Event is not enhanced.

[2022-03-31 20:59:57 #7 type] 
Type domain.NotAdmin is not enhanced.

[2022-03-31 20:59:57 #8 type.registry] 
New type domain.Admin

[2022-03-31 20:59:57 #9 type] 
Type domain.Admin is not enhanced.

------------------------------------------------------------------------------------------------------------------------

[2022-03-31 21:04:28 #1 store] 
Database 'C:\Users\aitor\Desktop\Clase\2\2-2\SI\SI_workspace\Bets21.zip_expanded\Bets21\src\main\resources\bets.temp' is opened by 11156@LAPTOP-209ORI61

[2022-03-31 21:04:28 #2 type] 
Type domain.User is not enhanced.

[2022-03-31 21:04:28 #3 type] 
Type domain.Movement is not enhanced.

[2022-03-31 21:04:28 #4 type] 
Type domain.Question is not enhanced.

[2022-03-31 21:04:28 #5 type] 
Type domain.Event is not enhanced.

[2022-03-31 21:04:28 #6 type] 
Type domain.NotAdmin is not enhanced.

[2022-03-31 21:04:28 #7 type] 
Type domain.Admin is not enhanced.

------------------------------------------------------------------------------------------------------------------------

[2022-03-31 21:05:43 #1 store] 
Database 'C:\Users\aitor\Desktop\Clase\2\2-2\SI\SI_workspace\Bets21.zip_expanded\Bets21\src\main\resources\bets.temp' is opened by 4476@LAPTOP-209ORI61

[2022-03-31 21:05:43 #2 type] 
Type domain.User is not enhanced.

[2022-03-31 21:05:43 #3 type] 
Type domain.Movement is not enhanced.

[2022-03-31 21:05:43 #4 type] 
Type domain.Question is not enhanced.

[2022-03-31 21:05:43 #5 type] 
Type domain.Event is not enhanced.

[2022-03-31 21:05:43 #6 type] 
Type domain.NotAdmin is not enhanced.

[2022-03-31 21:05:43 #7 type] 
Type domain.Admin is not enhanced.

------------------------------------------------------------------------------------------------------------------------

[2022-03-31 21:06:01 #1 store] 
Database 'C:\Users\aitor\Desktop\Clase\2\2-2\SI\SI_workspace\Bets21.zip_expanded\Bets21\src\main\resources\bets.temp' is opened by 1288@LAPTOP-209ORI61

[2022-03-31 21:06:01 #2 type] 
Type domain.User is not enhanced.

[2022-03-31 21:06:01 #3 type] 
Type domain.Movement is not enhanced.

[2022-03-31 21:06:01 #4 type] 
Type domain.Question is not enhanced.

[2022-03-31 21:06:01 #5 type] 
Type domain.Event is not enhanced.

[2022-03-31 21:06:01 #6 type] 
Type domain.NotAdmin is not enhanced.

[2022-03-31 21:06:01 #7 type] 
Type domain.Admin is not enhanced.

------------------------------------------------------------------------------------------------------------------------

[2022-03-31 21:06:12 #1 store] 
Database 'C:\Users\aitor\Desktop\Clase\2\2-2\SI\SI_workspace\Bets21.zip_expanded\Bets21\src\main\resources\bets.temp' is opened by 7660@LAPTOP-209ORI61

[2022-03-31 21:06:12 #2 type] 
Type domain.User is not enhanced.

[2022-03-31 21:06:12 #3 type] 
Type domain.Movement is not enhanced.

[2022-03-31 21:06:12 #4 type] 
Type domain.Question is not enhanced.

[2022-03-31 21:06:12 #5 type] 
Type domain.Event is not enhanced.

[2022-03-31 21:06:12 #6 type] 
Type domain.NotAdmin is not enhanced.

[2022-03-31 21:06:12 #7 type] 
Type domain.Admin is not enhanced.

------------------------------------------------------------------------------------------------------------------------

[2022-03-31 21:07:05 #1 store] 
Database 'C:\Users\aitor\Desktop\Clase\2\2-2\SI\SI_workspace\Bets21.zip_expanded\Bets21\src\main\resources\bets.temp' is opened by 10424@LAPTOP-209ORI61

[2022-03-31 21:07:05 #2 type] 
Type domain.User is not enhanced.

[2022-03-31 21:07:05 #3 type] 
Type domain.Movement is not enhanced.

[2022-03-31 21:07:05 #4 type] 
Type domain.Question is not enhanced.

[2022-03-31 21:07:05 #5 type] 
Type domain.Event is not enhanced.

[2022-03-31 21:07:05 #6 type] 
Type domain.NotAdmin is not enhanced.

[2022-03-31 21:07:05 #7 type] 
Type domain.Admin is not enhanced.

