2022-09-14 09:09:10,283 [Worker-2: Loading available Gradle versions] INFO  o.e.b.c.i.u.g.PublishedGradleVersions - Gradle version information cache is out-of-date. Trying to update.
2022-09-14 09:20:51,260 [Worker-1: Loading available Gradle versions] INFO  o.e.b.c.i.u.g.PublishedGradleVersions - Gradle version information cache is up-to-date. Trying to read.
2022-09-19 10:37:34,929 [Worker-3: Loading available Gradle versions] INFO  o.e.b.c.i.u.g.PublishedGradleVersions - Gradle version information cache is out-of-date. Trying to update.
2022-09-19 15:13:42,794 [Worker-0: Loading available Gradle versions] INFO  o.e.b.c.i.u.g.PublishedGradleVersions - Gradle version information cache is up-to-date. Trying to read.
2022-09-26 10:38:04,902 [Worker-2: Loading available Gradle versions] INFO  o.e.b.c.i.u.g.PublishedGradleVersions - Gradle version information cache is out-of-date. Trying to update.
2022-09-26 10:47:02,595 [Worker-29: Building] INFO  o.e.m.c.i.e.AbstractTransferListenerAdapter - Downloading https://repo.maven.apache.org/maven2/org/jacoco/jacoco-maven-plugin/0.8.5/jacoco-maven-plugin-0.8.5.pom
2022-09-26 10:47:02,953 [Worker-29: Building] INFO  o.e.m.c.i.e.AbstractTransferListenerAdapter - Downloaded https://repo.maven.apache.org/maven2/org/jacoco/jacoco-maven-plugin/0.8.5/jacoco-maven-plugin-0.8.5.pom
2022-09-26 10:47:03,146 [Worker-29: Building] INFO  o.e.m.c.i.e.AbstractTransferListenerAdapter - Downloading https://repo.maven.apache.org/maven2/org/jacoco/org.jacoco.build/0.8.5/org.jacoco.build-0.8.5.pom
2022-09-26 10:47:03,581 [Worker-29: Building] INFO  o.e.m.c.i.e.AbstractTransferListenerAdapter - Downloaded https://repo.maven.apache.org/maven2/org/jacoco/org.jacoco.build/0.8.5/org.jacoco.build-0.8.5.pom
2022-09-26 10:47:03,775 [Worker-29: Building] INFO  o.e.m.c.i.e.AbstractTransferListenerAdapter - Downloading https://repo.maven.apache.org/maven2/org/jacoco/jacoco-maven-plugin/0.8.5/jacoco-maven-plugin-0.8.5.jar
2022-09-26 10:47:04,016 [Worker-29: Building] INFO  o.e.m.c.i.e.AbstractTransferListenerAdapter - Downloaded https://repo.maven.apache.org/maven2/org/jacoco/jacoco-maven-plugin/0.8.5/jacoco-maven-plugin-0.8.5.jar
2022-09-26 10:47:09,744 [Worker-29: Building] INFO  o.e.m.c.i.l.LifecycleMappingFactory - Using org.eclipse.m2e.jdt.JarLifecycleMapping lifecycle mapping for MavenProject: Bets2222:Bets2222:0.0.1-SNAPSHOT @ C:\Users\aitor\git\Bets2021\pom.xml.
2022-09-26 10:47:11,826 [Worker-29: Building] INFO  o.e.m.c.i.e.AbstractTransferListenerAdapter - Downloaded https://m2.objectdb.com/org/mockito/mockito-all/1.9.5/mockito-all-1.9.5.pom
2022-09-26 10:47:12,660 [Worker-29: Building] INFO  o.e.m.c.i.e.AbstractTransferListenerAdapter - Downloading https://repo.maven.apache.org/maven2/org/mockito/mockito-all/1.9.5/mockito-all-1.9.5.pom
2022-09-26 10:47:13,085 [Worker-29: Building] INFO  o.e.m.c.i.e.AbstractTransferListenerAdapter - Downloaded https://repo.maven.apache.org/maven2/org/mockito/mockito-all/1.9.5/mockito-all-1.9.5.pom
2022-09-26 10:47:13,279 [Worker-29: Building] INFO  o.e.m.c.i.e.AbstractTransferListenerAdapter - Downloaded https://m2.objectdb.com/org/assertj/assertj-swing-junit/3.8.0/assertj-swing-junit-3.8.0.pom
2022-09-26 10:47:13,382 [Worker-29: Building] INFO  o.e.m.c.i.e.AbstractTransferListenerAdapter - Downloading https://repo.maven.apache.org/maven2/org/assertj/assertj-swing-junit/3.8.0/assertj-swing-junit-3.8.0.pom
2022-09-26 10:47:13,613 [Worker-29: Building] INFO  o.e.m.c.i.e.AbstractTransferListenerAdapter - Downloaded https://repo.maven.apache.org/maven2/org/assertj/assertj-swing-junit/3.8.0/assertj-swing-junit-3.8.0.pom
2022-09-26 10:47:14,946 [Worker-29: Building] INFO  o.e.m.c.i.e.AbstractTransferListenerAdapter - Downloaded https://m2.objectdb.com/org/assertj/assertj-swing-parent-pom/3.8.0/assertj-swing-parent-pom-3.8.0.pom
2022-09-26 10:47:15,053 [Worker-29: Building] INFO  o.e.m.c.i.e.AbstractTransferListenerAdapter - Downloading https://repo.maven.apache.org/maven2/org/assertj/assertj-swing-parent-pom/3.8.0/assertj-swing-parent-pom-3.8.0.pom
2022-09-26 10:47:15,214 [Worker-29: Building] INFO  o.e.m.c.i.e.AbstractTransferListenerAdapter - Downloaded https://repo.maven.apache.org/maven2/org/assertj/assertj-swing-parent-pom/3.8.0/assertj-swing-parent-pom-3.8.0.pom
2022-09-26 10:47:15,368 [Worker-29: Building] INFO  o.e.m.c.i.e.AbstractTransferListenerAdapter - Downloaded https://m2.objectdb.com/org/assertj/assertj-parent-pom/2.1.2/assertj-parent-pom-2.1.2.pom
2022-09-26 10:47:15,472 [Worker-29: Building] INFO  o.e.m.c.i.e.AbstractTransferListenerAdapter - Downloading https://repo.maven.apache.org/maven2/org/assertj/assertj-parent-pom/2.1.2/assertj-parent-pom-2.1.2.pom
2022-09-26 10:47:15,727 [Worker-29: Building] INFO  o.e.m.c.i.e.AbstractTransferListenerAdapter - Downloaded https://repo.maven.apache.org/maven2/org/assertj/assertj-parent-pom/2.1.2/assertj-parent-pom-2.1.2.pom
2022-09-26 10:47:15,991 [Worker-29: Building] INFO  o.e.m.c.i.e.AbstractTransferListenerAdapter - Downloaded https://m2.objectdb.com/junit/junit/4.12/junit-4.12.pom
2022-09-26 10:47:16,053 [Worker-29: Building] INFO  o.e.m.c.i.e.AbstractTransferListenerAdapter - Downloading https://repo.maven.apache.org/maven2/junit/junit/4.12/junit-4.12.pom
2022-09-26 10:47:16,350 [Worker-29: Building] INFO  o.e.m.c.i.e.AbstractTransferListenerAdapter - Downloaded https://repo.maven.apache.org/maven2/junit/junit/4.12/junit-4.12.pom
2022-09-26 10:47:16,618 [Worker-29: Building] INFO  o.e.m.c.i.e.AbstractTransferListenerAdapter - Downloaded https://m2.objectdb.com/org/assertj/assertj-swing/3.8.0/assertj-swing-3.8.0.pom
2022-09-26 10:47:16,827 [Worker-29: Building] INFO  o.e.m.c.i.e.AbstractTransferListenerAdapter - Downloading https://repo.maven.apache.org/maven2/org/assertj/assertj-swing/3.8.0/assertj-swing-3.8.0.pom
2022-09-26 10:47:17,236 [Worker-29: Building] INFO  o.e.m.c.i.e.AbstractTransferListenerAdapter - Downloaded https://repo.maven.apache.org/maven2/org/assertj/assertj-swing/3.8.0/assertj-swing-3.8.0.pom
2022-09-26 10:47:17,399 [Worker-29: Building] INFO  o.e.m.c.i.e.AbstractTransferListenerAdapter - Downloaded https://m2.objectdb.com/org/assertj/assertj-core/3.8.0/assertj-core-3.8.0.pom
2022-09-26 10:47:17,460 [Worker-29: Building] INFO  o.e.m.c.i.e.AbstractTransferListenerAdapter - Downloading https://repo.maven.apache.org/maven2/org/assertj/assertj-core/3.8.0/assertj-core-3.8.0.pom
2022-09-26 10:47:17,907 [Worker-29: Building] INFO  o.e.m.c.i.e.AbstractTransferListenerAdapter - Downloaded https://repo.maven.apache.org/maven2/org/assertj/assertj-core/3.8.0/assertj-core-3.8.0.pom
2022-09-26 10:47:18,098 [Worker-29: Building] INFO  o.e.m.c.i.e.AbstractTransferListenerAdapter - Downloaded https://m2.objectdb.com/org/assertj/assertj-parent-pom/2.1.6/assertj-parent-pom-2.1.6.pom
2022-09-26 10:47:18,186 [Worker-29: Building] INFO  o.e.m.c.i.e.AbstractTransferListenerAdapter - Downloading https://repo.maven.apache.org/maven2/org/assertj/assertj-parent-pom/2.1.6/assertj-parent-pom-2.1.6.pom
2022-09-26 10:47:18,430 [Worker-29: Building] INFO  o.e.m.c.i.e.AbstractTransferListenerAdapter - Downloaded https://repo.maven.apache.org/maven2/org/assertj/assertj-parent-pom/2.1.6/assertj-parent-pom-2.1.6.pom
2022-09-26 10:47:18,708 [Worker-29: Building] INFO  o.e.m.c.i.e.AbstractTransferListenerAdapter - Downloaded https://m2.objectdb.com/org/easytesting/fest-util/1.2.5/fest-util-1.2.5.pom
2022-09-26 10:47:18,767 [Worker-29: Building] INFO  o.e.m.c.i.e.AbstractTransferListenerAdapter - Downloading https://repo.maven.apache.org/maven2/org/easytesting/fest-util/1.2.5/fest-util-1.2.5.pom
2022-09-26 10:47:18,949 [Worker-29: Building] INFO  o.e.m.c.i.e.AbstractTransferListenerAdapter - Downloaded https://repo.maven.apache.org/maven2/org/easytesting/fest-util/1.2.5/fest-util-1.2.5.pom
2022-09-26 10:47:19,127 [Worker-29: Building] INFO  o.e.m.c.i.e.AbstractTransferListenerAdapter - Downloaded https://m2.objectdb.com/org/easytesting/fest/1.0.15/fest-1.0.15.pom
2022-09-26 10:47:19,231 [Worker-29: Building] INFO  o.e.m.c.i.e.AbstractTransferListenerAdapter - Downloading https://repo.maven.apache.org/maven2/org/easytesting/fest/1.0.15/fest-1.0.15.pom
2022-09-26 10:47:19,481 [Worker-29: Building] INFO  o.e.m.c.i.e.AbstractTransferListenerAdapter - Downloaded https://repo.maven.apache.org/maven2/org/easytesting/fest/1.0.15/fest-1.0.15.pom
2022-09-26 10:47:19,657 [Worker-29: Building] INFO  o.e.m.c.i.e.AbstractTransferListenerAdapter - Downloaded https://m2.objectdb.com/org/easytesting/fest-reflect/1.4.1/fest-reflect-1.4.1.pom
2022-09-26 10:47:19,857 [Worker-29: Building] INFO  o.e.m.c.i.e.AbstractTransferListenerAdapter - Downloading https://repo.maven.apache.org/maven2/org/easytesting/fest-reflect/1.4.1/fest-reflect-1.4.1.pom
2022-09-26 10:47:20,107 [Worker-29: Building] INFO  o.e.m.c.i.e.AbstractTransferListenerAdapter - Downloaded https://repo.maven.apache.org/maven2/org/easytesting/fest-reflect/1.4.1/fest-reflect-1.4.1.pom
2022-09-26 10:47:20,419 [AetherRepositoryConnector-m2.objectdb.com-0-3] INFO  o.e.m.c.i.e.AbstractTransferListenerAdapter - Downloaded https://m2.objectdb.com/org/assertj/assertj-core/3.8.0/assertj-core-3.8.0.jar
2022-09-26 10:47:20,589 [AetherRepositoryConnector-m2.objectdb.com-0-1] INFO  o.e.m.c.i.e.AbstractTransferListenerAdapter - Downloaded https://m2.objectdb.com/org/assertj/assertj-swing-junit/3.8.0/assertj-swing-junit-3.8.0.jar
2022-09-26 10:47:20,589 [AetherRepositoryConnector-m2.objectdb.com-0-2] INFO  o.e.m.c.i.e.AbstractTransferListenerAdapter - Downloaded https://m2.objectdb.com/org/assertj/assertj-swing/3.8.0/assertj-swing-3.8.0.jar
2022-09-26 10:47:20,589 [AetherRepositoryConnector-m2.objectdb.com-0-4] INFO  o.e.m.c.i.e.AbstractTransferListenerAdapter - Downloaded https://m2.objectdb.com/org/easytesting/fest-util/1.2.5/fest-util-1.2.5.jar
2022-09-26 10:47:20,590 [AetherRepositoryConnector-m2.objectdb.com-0-0] INFO  o.e.m.c.i.e.AbstractTransferListenerAdapter - Downloaded https://m2.objectdb.com/org/mockito/mockito-all/1.9.5/mockito-all-1.9.5.jar
2022-09-26 10:47:20,643 [AetherRepositoryConnector-m2.objectdb.com-0-3] INFO  o.e.m.c.i.e.AbstractTransferListenerAdapter - Downloaded https://m2.objectdb.com/org/easytesting/fest-reflect/1.4.1/fest-reflect-1.4.1.jar
2022-09-26 10:47:20,776 [AetherRepositoryConnector-repo.maven.apache.org-1-0] INFO  o.e.m.c.i.e.AbstractTransferListenerAdapter - Downloading https://repo.maven.apache.org/maven2/org/mockito/mockito-all/1.9.5/mockito-all-1.9.5.jar
2022-09-26 10:47:20,958 [AetherRepositoryConnector-repo.maven.apache.org-1-1] INFO  o.e.m.c.i.e.AbstractTransferListenerAdapter - Downloading https://repo.maven.apache.org/maven2/org/assertj/assertj-swing-junit/3.8.0/assertj-swing-junit-3.8.0.jar
2022-09-26 10:47:20,958 [AetherRepositoryConnector-repo.maven.apache.org-1-4] INFO  o.e.m.c.i.e.AbstractTransferListenerAdapter - Downloading https://repo.maven.apache.org/maven2/org/easytesting/fest-util/1.2.5/fest-util-1.2.5.jar
2022-09-26 10:47:20,999 [AetherRepositoryConnector-repo.maven.apache.org-1-2] INFO  o.e.m.c.i.e.AbstractTransferListenerAdapter - Downloading https://repo.maven.apache.org/maven2/org/assertj/assertj-swing/3.8.0/assertj-swing-3.8.0.jar
2022-09-26 10:47:20,999 [AetherRepositoryConnector-repo.maven.apache.org-1-3] INFO  o.e.m.c.i.e.AbstractTransferListenerAdapter - Downloading https://repo.maven.apache.org/maven2/org/assertj/assertj-core/3.8.0/assertj-core-3.8.0.jar
2022-09-26 10:47:21,266 [AetherRepositoryConnector-repo.maven.apache.org-1-1] INFO  o.e.m.c.i.e.AbstractTransferListenerAdapter - Downloaded https://repo.maven.apache.org/maven2/org/assertj/assertj-swing-junit/3.8.0/assertj-swing-junit-3.8.0.jar
2022-09-26 10:47:21,391 [AetherRepositoryConnector-repo.maven.apache.org-1-1] INFO  o.e.m.c.i.e.AbstractTransferListenerAdapter - Downloading https://repo.maven.apache.org/maven2/org/easytesting/fest-reflect/1.4.1/fest-reflect-1.4.1.jar
2022-09-26 10:47:21,424 [AetherRepositoryConnector-repo.maven.apache.org-1-4] INFO  o.e.m.c.i.e.AbstractTransferListenerAdapter - Downloaded https://repo.maven.apache.org/maven2/org/easytesting/fest-util/1.2.5/fest-util-1.2.5.jar
2022-09-26 10:47:21,424 [AetherRepositoryConnector-repo.maven.apache.org-1-2] INFO  o.e.m.c.i.e.AbstractTransferListenerAdapter - Downloaded https://repo.maven.apache.org/maven2/org/assertj/assertj-swing/3.8.0/assertj-swing-3.8.0.jar
2022-09-26 10:47:21,543 [AetherRepositoryConnector-repo.maven.apache.org-1-0] INFO  o.e.m.c.i.e.AbstractTransferListenerAdapter - Downloaded https://repo.maven.apache.org/maven2/org/mockito/mockito-all/1.9.5/mockito-all-1.9.5.jar
2022-09-26 10:47:21,768 [AetherRepositoryConnector-repo.maven.apache.org-1-3] INFO  o.e.m.c.i.e.AbstractTransferListenerAdapter - Downloaded https://repo.maven.apache.org/maven2/org/assertj/assertj-core/3.8.0/assertj-core-3.8.0.jar
2022-09-26 10:47:21,961 [AetherRepositoryConnector-repo.maven.apache.org-1-1] INFO  o.e.m.c.i.e.AbstractTransferListenerAdapter - Downloaded https://repo.maven.apache.org/maven2/org/easytesting/fest-reflect/1.4.1/fest-reflect-1.4.1.jar
2022-09-26 10:47:26,321 [Worker-29: Building] WARN  o.e.m.c.i.embedder.EclipseLogger - Using platform encoding (Cp1252 actually) to copy filtered resources, i.e. build is platform dependent!
2022-09-26 10:47:26,337 [Worker-29: Building] INFO  o.e.m.c.i.embedder.EclipseLogger - Copying 14 resources
2022-09-26 10:47:26,482 [Worker-29: Building] WARN  o.e.m.c.i.embedder.EclipseLogger - Using platform encoding (Cp1252 actually) to copy filtered resources, i.e. build is platform dependent!
2022-09-26 10:47:26,485 [Worker-29: Building] INFO  o.e.m.c.i.embedder.EclipseLogger - skip non existing resourceDirectory C:\Users\aitor\git\Bets2021\src\test\resources
2022-09-26 10:47:27,424 [Worker-31: Download sources and javadoc] INFO  o.e.m.c.i.e.AbstractTransferListenerAdapter - Downloaded https://m2.objectdb.com/com/sun/xml/ws/jaxws-rt/2.3.2/jaxws-rt-2.3.2-sources.jar
2022-09-26 10:47:28,320 [Worker-31: Download sources and javadoc] INFO  o.e.m.c.i.e.AbstractTransferListenerAdapter - Downloading https://repo.maven.apache.org/maven2/com/sun/xml/ws/jaxws-rt/2.3.2/jaxws-rt-2.3.2-sources.jar
2022-09-26 10:47:29,076 [Worker-31: Download sources and javadoc] INFO  o.e.m.c.i.e.AbstractTransferListenerAdapter - Downloaded https://repo.maven.apache.org/maven2/com/sun/xml/ws/jaxws-rt/2.3.2/jaxws-rt-2.3.2-sources.jar
2022-09-26 10:47:29,091 [Worker-31: Download sources and javadoc] INFO  o.e.m.j.internal.DownloadSourcesJob - Downloaded sources for com.sun.xml.ws:jaxws-rt:2.3.2
2022-09-26 10:47:29,092 [Worker-24: Building] WARN  o.e.m.c.i.embedder.EclipseLogger - Using platform encoding (Cp1252 actually) to copy filtered resources, i.e. build is platform dependent!
2022-09-26 10:47:29,113 [Worker-24: Building] INFO  o.e.m.c.i.embedder.EclipseLogger - Copying 14 resources
2022-09-26 10:47:29,235 [Worker-24: Building] WARN  o.e.m.c.i.embedder.EclipseLogger - Using platform encoding (Cp1252 actually) to copy filtered resources, i.e. build is platform dependent!
2022-09-26 10:47:29,238 [Worker-24: Building] INFO  o.e.m.c.i.embedder.EclipseLogger - skip non existing resourceDirectory C:\Users\aitor\git\Bets2021\src\test\resources
2022-09-26 10:47:29,800 [Worker-31: Download sources and javadoc] INFO  o.e.m.c.i.e.AbstractTransferListenerAdapter - Downloaded https://m2.objectdb.com/com/sun/xml/ws/policy/2.7.6/policy-2.7.6-sources.jar
2022-09-26 10:47:30,285 [Worker-31: Download sources and javadoc] INFO  o.e.m.c.i.e.AbstractTransferListenerAdapter - Downloading https://repo.maven.apache.org/maven2/com/sun/xml/ws/policy/2.7.6/policy-2.7.6-sources.jar
2022-09-26 10:47:30,512 [Worker-31: Download sources and javadoc] INFO  o.e.m.c.i.e.AbstractTransferListenerAdapter - Downloaded https://repo.maven.apache.org/maven2/com/sun/xml/ws/policy/2.7.6/policy-2.7.6-sources.jar
2022-09-26 10:47:30,523 [Worker-31: Download sources and javadoc] INFO  o.e.m.j.internal.DownloadSourcesJob - Downloaded sources for com.sun.xml.ws:policy:2.7.6
2022-09-26 10:47:30,757 [Worker-31: Download sources and javadoc] INFO  o.e.m.c.i.e.AbstractTransferListenerAdapter - Downloaded https://m2.objectdb.com/org/glassfish/gmbal/gmbal/4.0.0/gmbal-4.0.0-sources.jar
2022-09-26 10:47:31,001 [Worker-31: Download sources and javadoc] INFO  o.e.m.c.i.e.AbstractTransferListenerAdapter - Downloading https://repo.maven.apache.org/maven2/org/glassfish/gmbal/gmbal/4.0.0/gmbal-4.0.0-sources.jar
2022-09-26 10:47:31,151 [Worker-31: Download sources and javadoc] INFO  o.e.m.c.i.e.AbstractTransferListenerAdapter - Downloaded https://repo.maven.apache.org/maven2/org/glassfish/gmbal/gmbal/4.0.0/gmbal-4.0.0-sources.jar
2022-09-26 10:47:31,160 [Worker-31: Download sources and javadoc] INFO  o.e.m.j.internal.DownloadSourcesJob - Downloaded sources for org.glassfish.gmbal:gmbal:4.0.0
2022-09-26 10:47:31,390 [Worker-31: Download sources and javadoc] INFO  o.e.m.c.i.e.AbstractTransferListenerAdapter - Downloaded https://m2.objectdb.com/org/glassfish/external/management-api/3.2.1/management-api-3.2.1-sources.jar
2022-09-26 10:47:31,714 [Worker-31: Download sources and javadoc] INFO  o.e.m.c.i.e.AbstractTransferListenerAdapter - Downloading https://repo.maven.apache.org/maven2/org/glassfish/external/management-api/3.2.1/management-api-3.2.1-sources.jar
2022-09-26 10:47:32,106 [Worker-31: Download sources and javadoc] INFO  o.e.m.c.i.e.AbstractTransferListenerAdapter - Downloaded https://repo.maven.apache.org/maven2/org/glassfish/external/management-api/3.2.1/management-api-3.2.1-sources.jar
2022-09-26 10:47:32,117 [Worker-31: Download sources and javadoc] INFO  o.e.m.j.internal.DownloadSourcesJob - Downloaded sources for org.glassfish.external:management-api:3.2.1
2022-09-26 10:47:32,358 [Worker-31: Download sources and javadoc] INFO  o.e.m.c.i.e.AbstractTransferListenerAdapter - Downloaded https://m2.objectdb.com/org/glassfish/pfl/pfl-basic/4.0.1/pfl-basic-4.0.1-sources.jar
2022-09-26 10:47:32,589 [Worker-31: Download sources and javadoc] INFO  o.e.m.c.i.e.AbstractTransferListenerAdapter - Downloading https://repo.maven.apache.org/maven2/org/glassfish/pfl/pfl-basic/4.0.1/pfl-basic-4.0.1-sources.jar
2022-09-26 10:47:32,727 [Worker-31: Download sources and javadoc] INFO  o.e.m.c.i.e.AbstractTransferListenerAdapter - Downloaded https://repo.maven.apache.org/maven2/org/glassfish/pfl/pfl-basic/4.0.1/pfl-basic-4.0.1-sources.jar
2022-09-26 10:47:32,735 [Worker-31: Download sources and javadoc] INFO  o.e.m.j.internal.DownloadSourcesJob - Downloaded sources for org.glassfish.pfl:pfl-basic:4.0.1
2022-09-26 10:47:32,985 [Worker-31: Download sources and javadoc] INFO  o.e.m.c.i.e.AbstractTransferListenerAdapter - Downloaded https://m2.objectdb.com/org/glassfish/pfl/pfl-tf/4.0.1/pfl-tf-4.0.1-sources.jar
2022-09-26 10:47:33,222 [Worker-31: Download sources and javadoc] INFO  o.e.m.c.i.e.AbstractTransferListenerAdapter - Downloading https://repo.maven.apache.org/maven2/org/glassfish/pfl/pfl-tf/4.0.1/pfl-tf-4.0.1-sources.jar
2022-09-26 10:47:33,357 [Worker-31: Download sources and javadoc] INFO  o.e.m.c.i.e.AbstractTransferListenerAdapter - Downloaded https://repo.maven.apache.org/maven2/org/glassfish/pfl/pfl-tf/4.0.1/pfl-tf-4.0.1-sources.jar
2022-09-26 10:47:33,368 [Worker-31: Download sources and javadoc] INFO  o.e.m.j.internal.DownloadSourcesJob - Downloaded sources for org.glassfish.pfl:pfl-tf:4.0.1
2022-09-26 10:47:33,597 [Worker-31: Download sources and javadoc] INFO  o.e.m.c.i.e.AbstractTransferListenerAdapter - Downloaded https://m2.objectdb.com/org/glassfish/pfl/pfl-asm/4.0.1/pfl-asm-4.0.1-sources.jar
2022-09-26 10:47:33,825 [Worker-31: Download sources and javadoc] INFO  o.e.m.c.i.e.AbstractTransferListenerAdapter - Downloading https://repo.maven.apache.org/maven2/org/glassfish/pfl/pfl-asm/4.0.1/pfl-asm-4.0.1-sources.jar
2022-09-26 10:47:34,049 [Worker-31: Download sources and javadoc] INFO  o.e.m.c.i.e.AbstractTransferListenerAdapter - Downloaded https://repo.maven.apache.org/maven2/org/glassfish/pfl/pfl-asm/4.0.1/pfl-asm-4.0.1-sources.jar
2022-09-26 10:47:34,062 [Worker-31: Download sources and javadoc] INFO  o.e.m.j.internal.DownloadSourcesJob - Downloaded sources for org.glassfish.pfl:pfl-asm:4.0.1
2022-09-26 10:47:34,296 [Worker-31: Download sources and javadoc] INFO  o.e.m.c.i.e.AbstractTransferListenerAdapter - Downloaded https://m2.objectdb.com/org/glassfish/pfl/pfl-dynamic/4.0.1/pfl-dynamic-4.0.1-sources.jar
2022-09-26 10:47:34,556 [Worker-31: Download sources and javadoc] INFO  o.e.m.c.i.e.AbstractTransferListenerAdapter - Downloading https://repo.maven.apache.org/maven2/org/glassfish/pfl/pfl-dynamic/4.0.1/pfl-dynamic-4.0.1-sources.jar
2022-09-26 10:47:34,785 [Worker-31: Download sources and javadoc] INFO  o.e.m.c.i.e.AbstractTransferListenerAdapter - Downloaded https://repo.maven.apache.org/maven2/org/glassfish/pfl/pfl-dynamic/4.0.1/pfl-dynamic-4.0.1-sources.jar
2022-09-26 10:47:34,799 [Worker-31: Download sources and javadoc] INFO  o.e.m.j.internal.DownloadSourcesJob - Downloaded sources for org.glassfish.pfl:pfl-dynamic:4.0.1
2022-09-26 10:47:35,049 [Worker-31: Download sources and javadoc] INFO  o.e.m.c.i.e.AbstractTransferListenerAdapter - Downloaded https://m2.objectdb.com/org/glassfish/pfl/pfl-basic-tools/4.0.1/pfl-basic-tools-4.0.1-sources.jar
2022-09-26 10:47:35,279 [Worker-31: Download sources and javadoc] INFO  o.e.m.c.i.e.AbstractTransferListenerAdapter - Downloading https://repo.maven.apache.org/maven2/org/glassfish/pfl/pfl-basic-tools/4.0.1/pfl-basic-tools-4.0.1-sources.jar
2022-09-26 10:47:35,507 [Worker-31: Download sources and javadoc] INFO  o.e.m.c.i.e.AbstractTransferListenerAdapter - Downloaded https://repo.maven.apache.org/maven2/org/glassfish/pfl/pfl-basic-tools/4.0.1/pfl-basic-tools-4.0.1-sources.jar
2022-09-26 10:47:35,517 [Worker-31: Download sources and javadoc] INFO  o.e.m.j.internal.DownloadSourcesJob - Downloaded sources for org.glassfish.pfl:pfl-basic-tools:4.0.1
2022-09-26 10:47:35,722 [Worker-31: Download sources and javadoc] INFO  o.e.m.c.i.e.AbstractTransferListenerAdapter - Downloaded https://m2.objectdb.com/org/glassfish/pfl/pfl-tf-tools/4.0.1/pfl-tf-tools-4.0.1-sources.jar
2022-09-26 10:47:35,985 [Worker-31: Download sources and javadoc] INFO  o.e.m.c.i.e.AbstractTransferListenerAdapter - Downloading https://repo.maven.apache.org/maven2/org/glassfish/pfl/pfl-tf-tools/4.0.1/pfl-tf-tools-4.0.1-sources.jar
2022-09-26 10:47:36,166 [Worker-31: Download sources and javadoc] INFO  o.e.m.c.i.e.AbstractTransferListenerAdapter - Downloaded https://repo.maven.apache.org/maven2/org/glassfish/pfl/pfl-tf-tools/4.0.1/pfl-tf-tools-4.0.1-sources.jar
2022-09-26 10:47:36,175 [Worker-31: Download sources and javadoc] INFO  o.e.m.j.internal.DownloadSourcesJob - Downloaded sources for org.glassfish.pfl:pfl-tf-tools:4.0.1
2022-09-26 10:47:37,420 [Worker-31: Download sources and javadoc] INFO  o.e.m.c.i.e.AbstractTransferListenerAdapter - Downloaded https://m2.objectdb.com/com/sun/xml/stream/buffer/streambuffer/1.5.7/streambuffer-1.5.7-sources.jar
2022-09-26 10:47:37,668 [Worker-31: Download sources and javadoc] INFO  o.e.m.c.i.e.AbstractTransferListenerAdapter - Downloading https://repo.maven.apache.org/maven2/com/sun/xml/stream/buffer/streambuffer/1.5.7/streambuffer-1.5.7-sources.jar
2022-09-26 10:47:37,805 [Worker-31: Download sources and javadoc] INFO  o.e.m.c.i.e.AbstractTransferListenerAdapter - Downloaded https://repo.maven.apache.org/maven2/com/sun/xml/stream/buffer/streambuffer/1.5.7/streambuffer-1.5.7-sources.jar
2022-09-26 10:47:37,817 [Worker-31: Download sources and javadoc] INFO  o.e.m.j.internal.DownloadSourcesJob - Downloaded sources for com.sun.xml.stream.buffer:streambuffer:1.5.7
2022-09-26 10:47:38,029 [Worker-31: Download sources and javadoc] INFO  o.e.m.c.i.e.AbstractTransferListenerAdapter - Downloaded https://m2.objectdb.com/org/jvnet/mimepull/mimepull/1.9.11/mimepull-1.9.11-sources.jar
2022-09-26 10:47:38,281 [Worker-31: Download sources and javadoc] INFO  o.e.m.c.i.e.AbstractTransferListenerAdapter - Downloading https://repo.maven.apache.org/maven2/org/jvnet/mimepull/mimepull/1.9.11/mimepull-1.9.11-sources.jar
2022-09-26 10:47:38,414 [Worker-31: Download sources and javadoc] INFO  o.e.m.c.i.e.AbstractTransferListenerAdapter - Downloaded https://repo.maven.apache.org/maven2/org/jvnet/mimepull/mimepull/1.9.11/mimepull-1.9.11-sources.jar
2022-09-26 10:47:38,423 [Worker-31: Download sources and javadoc] INFO  o.e.m.j.internal.DownloadSourcesJob - Downloaded sources for org.jvnet.mimepull:mimepull:1.9.11
2022-09-26 10:47:38,650 [Worker-31: Download sources and javadoc] INFO  o.e.m.c.i.e.AbstractTransferListenerAdapter - Downloaded https://m2.objectdb.com/org/glassfish/ha/ha-api/3.1.12/ha-api-3.1.12-sources.jar
2022-09-26 10:47:38,888 [Worker-31: Download sources and javadoc] INFO  o.e.m.c.i.e.AbstractTransferListenerAdapter - Downloading https://repo.maven.apache.org/maven2/org/glassfish/ha/ha-api/3.1.12/ha-api-3.1.12-sources.jar
2022-09-26 10:47:39,280 [Worker-31: Download sources and javadoc] INFO  o.e.m.c.i.e.AbstractTransferListenerAdapter - Downloaded https://repo.maven.apache.org/maven2/org/glassfish/ha/ha-api/3.1.12/ha-api-3.1.12-sources.jar
2022-09-26 10:47:39,292 [Worker-31: Download sources and javadoc] INFO  o.e.m.j.internal.DownloadSourcesJob - Downloaded sources for org.glassfish.ha:ha-api:3.1.12
2022-09-26 10:47:39,521 [Worker-31: Download sources and javadoc] INFO  o.e.m.c.i.e.AbstractTransferListenerAdapter - Downloaded https://m2.objectdb.com/com/sun/xml/messaging/saaj/saaj-impl/1.5.1/saaj-impl-1.5.1-sources.jar
2022-09-26 10:47:39,767 [Worker-31: Download sources and javadoc] INFO  o.e.m.c.i.e.AbstractTransferListenerAdapter - Downloading https://repo.maven.apache.org/maven2/com/sun/xml/messaging/saaj/saaj-impl/1.5.1/saaj-impl-1.5.1-sources.jar
2022-09-26 10:47:40,032 [Worker-31: Download sources and javadoc] INFO  o.e.m.c.i.e.AbstractTransferListenerAdapter - Downloaded https://repo.maven.apache.org/maven2/com/sun/xml/messaging/saaj/saaj-impl/1.5.1/saaj-impl-1.5.1-sources.jar
2022-09-26 10:47:40,044 [Worker-31: Download sources and javadoc] INFO  o.e.m.j.internal.DownloadSourcesJob - Downloaded sources for com.sun.xml.messaging.saaj:saaj-impl:1.5.1
2022-09-26 10:47:40,303 [Worker-31: Download sources and javadoc] INFO  o.e.m.c.i.e.AbstractTransferListenerAdapter - Downloaded https://m2.objectdb.com/com/fasterxml/woodstox/woodstox-core/5.1.0/woodstox-core-5.1.0-sources.jar
2022-09-26 10:47:40,555 [Worker-31: Download sources and javadoc] INFO  o.e.m.c.i.e.AbstractTransferListenerAdapter - Downloading https://repo.maven.apache.org/maven2/com/fasterxml/woodstox/woodstox-core/5.1.0/woodstox-core-5.1.0-sources.jar
2022-09-26 10:47:40,829 [Worker-31: Download sources and javadoc] INFO  o.e.m.c.i.e.AbstractTransferListenerAdapter - Downloaded https://repo.maven.apache.org/maven2/com/fasterxml/woodstox/woodstox-core/5.1.0/woodstox-core-5.1.0-sources.jar
2022-09-26 10:47:40,840 [Worker-31: Download sources and javadoc] INFO  o.e.m.j.internal.DownloadSourcesJob - Downloaded sources for com.fasterxml.woodstox:woodstox-core:5.1.0
2022-09-26 10:47:41,049 [Worker-31: Download sources and javadoc] INFO  o.e.m.c.i.e.AbstractTransferListenerAdapter - Downloaded https://m2.objectdb.com/org/codehaus/woodstox/stax2-api/4.1/stax2-api-4.1-sources.jar
2022-09-26 10:47:41,301 [Worker-31: Download sources and javadoc] INFO  o.e.m.c.i.e.AbstractTransferListenerAdapter - Downloading https://repo.maven.apache.org/maven2/org/codehaus/woodstox/stax2-api/4.1/stax2-api-4.1-sources.jar
2022-09-26 10:47:41,499 [Worker-31: Download sources and javadoc] INFO  o.e.m.c.i.e.AbstractTransferListenerAdapter - Downloaded https://repo.maven.apache.org/maven2/org/codehaus/woodstox/stax2-api/4.1/stax2-api-4.1-sources.jar
2022-09-26 10:47:41,509 [Worker-31: Download sources and javadoc] INFO  o.e.m.j.internal.DownloadSourcesJob - Downloaded sources for org.codehaus.woodstox:stax2-api:4.1
2022-09-26 10:47:41,741 [Worker-31: Download sources and javadoc] INFO  o.e.m.c.i.e.AbstractTransferListenerAdapter - Downloaded https://m2.objectdb.com/org/mockito/mockito-all/1.9.5/mockito-all-1.9.5-sources.jar
2022-09-26 10:47:41,970 [Worker-31: Download sources and javadoc] INFO  o.e.m.c.i.e.AbstractTransferListenerAdapter - Downloading https://repo.maven.apache.org/maven2/org/mockito/mockito-all/1.9.5/mockito-all-1.9.5-sources.jar
2022-09-26 10:47:42,217 [Worker-31: Download sources and javadoc] INFO  o.e.m.c.i.e.AbstractTransferListenerAdapter - Downloaded https://repo.maven.apache.org/maven2/org/mockito/mockito-all/1.9.5/mockito-all-1.9.5-sources.jar
2022-09-26 10:47:42,226 [Worker-31: Download sources and javadoc] INFO  o.e.m.j.internal.DownloadSourcesJob - Downloaded sources for org.mockito:mockito-all:1.9.5
2022-09-26 10:47:42,444 [Worker-31: Download sources and javadoc] INFO  o.e.m.c.i.e.AbstractTransferListenerAdapter - Downloaded https://m2.objectdb.com/org/assertj/assertj-swing-junit/3.8.0/assertj-swing-junit-3.8.0-sources.jar
2022-09-26 10:47:42,727 [Worker-31: Download sources and javadoc] INFO  o.e.m.c.i.e.AbstractTransferListenerAdapter - Downloading https://repo.maven.apache.org/maven2/org/assertj/assertj-swing-junit/3.8.0/assertj-swing-junit-3.8.0-sources.jar
2022-09-26 10:47:42,861 [Worker-31: Download sources and javadoc] INFO  o.e.m.c.i.e.AbstractTransferListenerAdapter - Downloaded https://repo.maven.apache.org/maven2/org/assertj/assertj-swing-junit/3.8.0/assertj-swing-junit-3.8.0-sources.jar
2022-09-26 10:47:42,869 [Worker-31: Download sources and javadoc] INFO  o.e.m.j.internal.DownloadSourcesJob - Downloaded sources for org.assertj:assertj-swing-junit:3.8.0
2022-09-26 10:47:43,113 [Worker-31: Download sources and javadoc] INFO  o.e.m.c.i.e.AbstractTransferListenerAdapter - Downloaded https://m2.objectdb.com/org/assertj/assertj-swing/3.8.0/assertj-swing-3.8.0-sources.jar
2022-09-26 10:47:43,362 [Worker-31: Download sources and javadoc] INFO  o.e.m.c.i.e.AbstractTransferListenerAdapter - Downloading https://repo.maven.apache.org/maven2/org/assertj/assertj-swing/3.8.0/assertj-swing-3.8.0-sources.jar
2022-09-26 10:47:43,659 [Worker-31: Download sources and javadoc] INFO  o.e.m.c.i.e.AbstractTransferListenerAdapter - Downloaded https://repo.maven.apache.org/maven2/org/assertj/assertj-swing/3.8.0/assertj-swing-3.8.0-sources.jar
2022-09-26 10:47:43,669 [Worker-31: Download sources and javadoc] INFO  o.e.m.j.internal.DownloadSourcesJob - Downloaded sources for org.assertj:assertj-swing:3.8.0
2022-09-26 10:47:43,923 [Worker-31: Download sources and javadoc] INFO  o.e.m.c.i.e.AbstractTransferListenerAdapter - Downloaded https://m2.objectdb.com/org/assertj/assertj-core/3.8.0/assertj-core-3.8.0-sources.jar
2022-09-26 10:47:44,158 [Worker-31: Download sources and javadoc] INFO  o.e.m.c.i.e.AbstractTransferListenerAdapter - Downloading https://repo.maven.apache.org/maven2/org/assertj/assertj-core/3.8.0/assertj-core-3.8.0-sources.jar
2022-09-26 10:47:44,450 [Worker-31: Download sources and javadoc] INFO  o.e.m.c.i.e.AbstractTransferListenerAdapter - Downloaded https://repo.maven.apache.org/maven2/org/assertj/assertj-core/3.8.0/assertj-core-3.8.0-sources.jar
2022-09-26 10:47:44,460 [Worker-31: Download sources and javadoc] INFO  o.e.m.j.internal.DownloadSourcesJob - Downloaded sources for org.assertj:assertj-core:3.8.0
2022-09-26 10:47:44,702 [Worker-31: Download sources and javadoc] INFO  o.e.m.c.i.e.AbstractTransferListenerAdapter - Downloaded https://m2.objectdb.com/org/easytesting/fest-util/1.2.5/fest-util-1.2.5-sources.jar
2022-09-26 10:47:44,956 [Worker-31: Download sources and javadoc] INFO  o.e.m.c.i.e.AbstractTransferListenerAdapter - Downloading https://repo.maven.apache.org/maven2/org/easytesting/fest-util/1.2.5/fest-util-1.2.5-sources.jar
2022-09-26 10:47:45,293 [Worker-31: Download sources and javadoc] INFO  o.e.m.c.i.e.AbstractTransferListenerAdapter - Downloaded https://repo.maven.apache.org/maven2/org/easytesting/fest-util/1.2.5/fest-util-1.2.5-sources.jar
2022-09-26 10:47:45,304 [Worker-31: Download sources and javadoc] INFO  o.e.m.j.internal.DownloadSourcesJob - Downloaded sources for org.easytesting:fest-util:1.2.5
2022-09-26 10:47:45,523 [Worker-31: Download sources and javadoc] INFO  o.e.m.c.i.e.AbstractTransferListenerAdapter - Downloaded https://m2.objectdb.com/org/easytesting/fest-reflect/1.4.1/fest-reflect-1.4.1-sources.jar
2022-09-26 10:47:45,760 [Worker-31: Download sources and javadoc] INFO  o.e.m.c.i.e.AbstractTransferListenerAdapter - Downloading https://repo.maven.apache.org/maven2/org/easytesting/fest-reflect/1.4.1/fest-reflect-1.4.1-sources.jar
2022-09-26 10:47:45,888 [Worker-31: Download sources and javadoc] INFO  o.e.m.c.i.e.AbstractTransferListenerAdapter - Downloaded https://repo.maven.apache.org/maven2/org/easytesting/fest-reflect/1.4.1/fest-reflect-1.4.1-sources.jar
2022-09-26 10:47:45,898 [Worker-31: Download sources and javadoc] INFO  o.e.m.j.internal.DownloadSourcesJob - Downloaded sources for org.easytesting:fest-reflect:1.4.1
2022-09-26 10:47:46,385 [Worker-29: Building] WARN  o.e.m.c.i.embedder.EclipseLogger - Using platform encoding (Cp1252 actually) to copy filtered resources, i.e. build is platform dependent!
2022-09-26 10:47:46,389 [Worker-29: Building] INFO  o.e.m.c.i.embedder.EclipseLogger - Copying 0 resource
2022-09-26 10:47:46,394 [Worker-29: Building] WARN  o.e.m.c.i.embedder.EclipseLogger - Using platform encoding (Cp1252 actually) to copy filtered resources, i.e. build is platform dependent!
2022-09-26 10:47:46,397 [Worker-29: Building] INFO  o.e.m.c.i.embedder.EclipseLogger - skip non existing resourceDirectory C:\Users\aitor\git\Bets2021\src\test\resources
2022-09-26 11:23:54,163 [Worker-40: Building] INFO  o.e.m.c.i.l.LifecycleMappingFactory - Using org.eclipse.m2e.jdt.JarLifecycleMapping lifecycle mapping for MavenProject: Bets21:Bets21:0.0.1-SNAPSHOT @ C:\Users\aitor\Desktop\Clase\3\3-1\SI2\WorkspaceSI2\BetsTrue\pom.xml.
2022-09-26 11:23:56,385 [Worker-40: Building] WARN  o.e.m.c.i.embedder.EclipseLogger - Using platform encoding (Cp1252 actually) to copy filtered resources, i.e. build is platform dependent!
2022-09-26 11:23:56,391 [Worker-40: Building] INFO  o.e.m.c.i.embedder.EclipseLogger - Copying 21 resources
2022-09-26 11:23:56,571 [Worker-40: Building] WARN  o.e.m.c.i.embedder.EclipseLogger - Using platform encoding (Cp1252 actually) to copy filtered resources, i.e. build is platform dependent!
2022-09-26 11:23:56,573 [Worker-40: Building] INFO  o.e.m.c.i.embedder.EclipseLogger - skip non existing resourceDirectory C:\Users\aitor\Desktop\Clase\3\3-1\SI2\WorkspaceSI2\BetsTrue\src\test\resources
2022-09-26 11:24:00,157 [Worker-37: Building] WARN  o.e.m.c.i.embedder.EclipseLogger - Using platform encoding (Cp1252 actually) to copy filtered resources, i.e. build is platform dependent!
2022-09-26 11:24:00,167 [Worker-37: Building] INFO  o.e.m.c.i.embedder.EclipseLogger - Copying 21 resources
2022-09-26 11:24:00,384 [Worker-37: Building] WARN  o.e.m.c.i.embedder.EclipseLogger - Using platform encoding (Cp1252 actually) to copy filtered resources, i.e. build is platform dependent!
